<!DOCTYPE html PUBLIC "-//W3C//DTD XHTML 1.0 Transitional//EN"
"http://www.w3.org/TR/xhtml1/DTD/xhtml1-transitional.dtd">
<html lang="en-GB" xml:lang="en-GB" xmlns="http://www.w3.org/1999/xhtml">
  <head>
    <meta http-equiv="content-type" content="text/html; charset=utf-8"/>
    <title>Universal Dependencies --- validation runs prior to the v1.3 release</title>
    <link rel="root" href=""/> <!-- for JS -->
    <link rel="stylesheet" href="https://maxcdn.bootstrapcdn.com/font-awesome/4.4.0/css/font-awesome.min.css">
    <link rel="stylesheet" type="text/css" href="css/jquery-ui-redmond.css"/>
    <link rel="stylesheet" type="text/css" href="css/style.css"/>
    <link rel="stylesheet" type="text/css" href="css/style-vis.css"/>
    <link rel="stylesheet" type="text/css" href="css/hint.css"/>
    <script type="text/javascript" src="lib/ext/head.load.min.js"></script>
    <script type="text/javascript" src="lib/ext/jquery.timeago.js"></script>
<!--     <link rel="shortcut icon" href="favicon.ico"/> -->


  </head>
  <body>
    <div id="main" class="center">

      <div id="hp-header">
	
          <span class="header-text"><a href="http://universaldependencies.org/#language-">home</a></span>

          <span class="header-text"><a href="https://github.com/universaldependencies/docs/edit/pages-source/validation.md" target="#">edit page</a></span>
          <span class="header-text"><a href="https://github.com/universaldependencies/docs/issues">issue tracker</a></span>
      </div>

      <hr/>

      
      <div class="v1warning">
	This page still pertains to UD version 1.
      </div>
      
      
      <div id="content">
	<noscript>
	  <div id="noscript">
	    It appears that you have Javascript disabled.
	    Please consider enabling Javascript for this page to see the visualizations.
	  </div>
	</noscript>

          <p>Regenerated: <time class="timeago" datetime="2016-12-01T01:39:17Z">2016-12-01T01:39:17 zulu</time></p>

<div id="accordion" class="jquery-ui-accordion">
<!-- content of _includes/validation.html -->
<!-- do NOT edit by hand, that file is autogenerated using gen_index/validation_run.py -->
<div>
<span class="doublewidespan" style="padding-left:3em">UD Amharic</span>
<span class="widespan">am</span>
<span class="validationfail">EMPTY</span>
<span class="doublewidespan"> <time class="timeago" datetime="2016-09-19T07:28:44Z">2016-09-19T07:28:44 zulu</time></span>
</div>
<div>
<pre>
No data
</pre>
</div>
<div>
<span class="doublewidespan" style="padding-left:3em">UD Ancient Greek</span>
<span class="widespan">grc</span>
<span class="validationpass">PASS</span>
<span class="doublewidespan"> <time class="timeago" datetime="2016-12-01T01:05:13Z">2016-12-01T01:05:13 zulu</time></span>
</div>
<div>
<pre>
python /home/ginter/UD_PROJHOOK/tools/validate.py --lang grc /home/ginter/UD_PROJHOOK/UD-dev-branches/UD_Ancient_Greek/grc-ud-dev.conllu

*** PASSED ***


******************

python /home/ginter/UD_PROJHOOK/tools/validate.py --lang grc /home/ginter/UD_PROJHOOK/UD-dev-branches/UD_Ancient_Greek/grc-ud-test.conllu

*** PASSED ***


******************

python /home/ginter/UD_PROJHOOK/tools/validate.py --lang grc /home/ginter/UD_PROJHOOK/UD-dev-branches/UD_Ancient_Greek/grc-ud-train.conllu

*** PASSED ***


******************


</pre>
</div>
<div>
<span class="doublewidespan" style="padding-left:3em">UD Ancient Greek-PROIEL</span>
<span class="widespan">grc proiel</span>
<span class="validationpass">PASS</span>
<span class="doublewidespan"> <time class="timeago" datetime="2016-12-01T01:05:26Z">2016-12-01T01:05:26 zulu</time></span>
</div>
<div>
<pre>
python /home/ginter/UD_PROJHOOK/tools/validate.py --lang grc_proiel /home/ginter/UD_PROJHOOK/UD-dev-branches/UD_Ancient_Greek-PROIEL/grc_proiel-ud-dev.conllu

*** PASSED ***


******************

python /home/ginter/UD_PROJHOOK/tools/validate.py --lang grc_proiel /home/ginter/UD_PROJHOOK/UD-dev-branches/UD_Ancient_Greek-PROIEL/grc_proiel-ud-test.conllu

*** PASSED ***


******************

python /home/ginter/UD_PROJHOOK/tools/validate.py --lang grc_proiel /home/ginter/UD_PROJHOOK/UD-dev-branches/UD_Ancient_Greek-PROIEL/grc_proiel-ud-train.conllu

*** PASSED ***


******************


</pre>
</div>
<div>
<span class="doublewidespan" style="padding-left:3em">UD Arabic</span>
<span class="widespan">ar</span>
<span class="validationfail">FAIL</span>
<span class="doublewidespan"> <time class="timeago" datetime="2016-11-30T21:44:18Z">2016-11-30T21:44:18 zulu</time></span>
</div>
<div>
<pre>
python /home/ginter/UD_PROJHOOK/tools/validate.py --lang ar /home/ginter/UD_PROJHOOK/UD-dev-branches/UD_Arabic/ar-ud-dev.conllu

[Line                   102]: Unknown attribute-value pair Foreign=Foreign
[Line                   103]: Unknown attribute-value pair Foreign=Foreign
[Line                   108]: Unknown attribute-value pair Foreign=Foreign
[Line                   109]: Unknown attribute-value pair Foreign=Foreign
[Line                   122]: Unknown attribute-value pair Foreign=Foreign
[Line                   136]: Unknown attribute-value pair Foreign=Foreign
[Line                   190]: Unknown attribute-value pair Foreign=Foreign
[Line                   306]: Unknown attribute-value pair Foreign=Foreign
[Line                   326]: Unknown attribute-value pair Foreign=Foreign
[Line                   328]: Unknown attribute-value pair Foreign=Foreign
[Line                   329]: Unknown attribute-value pair Foreign=Foreign
[Line                   331]: Unknown attribute-value pair Foreign=Foreign
[Line                   337]: Unknown attribute-value pair Foreign=Foreign
[Line                   371]: Unknown attribute-value pair Foreign=Foreign
[Line                   375]: Unknown attribute-value pair Foreign=Foreign
[Line                   379]: Unknown attribute-value pair Foreign=Foreign
[Line                   385]: Unknown attribute-value pair Foreign=Foreign
[Line                   402]: Unknown attribute-value pair Foreign=Foreign
[Line                   429]: Unknown attribute-value pair Foreign=Foreign
...suppressing further errors regarding Morpho
*** FAILED *** with 535 errors
Morpho errors: 535


******************

python /home/ginter/UD_PROJHOOK/tools/validate.py --lang ar /home/ginter/UD_PROJHOOK/UD-dev-branches/UD_Arabic/ar-ud-test.conllu

[Line                   4]: Unknown attribute-value pair Foreign=Foreign
[Line                   15]: Unknown attribute-value pair Foreign=Foreign
[Line                   35]: Unknown attribute-value pair Foreign=Foreign
[Line                   40]: Unknown attribute-value pair Foreign=Foreign
[Line                   191]: Unknown attribute-value pair Foreign=Foreign
[Line                   197]: Unknown attribute-value pair Foreign=Foreign
[Line                   201]: Unknown attribute-value pair Foreign=Foreign
[Line                   215]: Unknown attribute-value pair Foreign=Foreign
[Line                   229]: Unknown attribute-value pair Foreign=Foreign
[Line                   230]: Unknown attribute-value pair Foreign=Foreign
[Line                   234]: Unknown attribute-value pair Foreign=Foreign
[Line                   235]: Unknown attribute-value pair Foreign=Foreign
[Line                   236]: Unknown attribute-value pair Foreign=Foreign
[Line                   247]: Unknown attribute-value pair Foreign=Foreign
[Line                   255]: Unknown attribute-value pair Foreign=Foreign
[Line                   266]: Unknown attribute-value pair Foreign=Foreign
[Line                   284]: Unknown attribute-value pair Foreign=Foreign
[Line                   285]: Unknown attribute-value pair Foreign=Foreign
[Line                   297]: Unknown attribute-value pair Foreign=Foreign
...suppressing further errors regarding Morpho
*** FAILED *** with 489 errors
Morpho errors: 489


******************

python /home/ginter/UD_PROJHOOK/tools/validate.py --lang ar /home/ginter/UD_PROJHOOK/UD-dev-branches/UD_Arabic/ar-ud-train.conllu

[Line                   15]: Unknown attribute-value pair Foreign=Foreign
[Line                   16]: Unknown attribute-value pair Foreign=Foreign
[Line                   35]: Unknown attribute-value pair Foreign=Foreign
[Line                   36]: Unknown attribute-value pair Foreign=Foreign
[Line                   80]: Unknown attribute-value pair Foreign=Foreign
[Line                   81]: Unknown attribute-value pair Foreign=Foreign
[Line                   84]: Unknown attribute-value pair Foreign=Foreign
[Line                   92]: Unknown attribute-value pair Foreign=Foreign
[Line                   103]: Unknown attribute-value pair Foreign=Foreign
[Line                   128]: Unknown attribute-value pair Foreign=Foreign
[Line                   129]: Unknown attribute-value pair Foreign=Foreign
[Line                   292]: Unknown attribute-value pair Foreign=Foreign
[Line                   293]: Unknown attribute-value pair Foreign=Foreign
[Line                   300]: Unknown attribute-value pair Foreign=Foreign
[Line                   301]: Unknown attribute-value pair Foreign=Foreign
[Line                   320]: Unknown attribute-value pair Foreign=Foreign
[Line                   321]: Unknown attribute-value pair Foreign=Foreign
[Line                   322]: Unknown attribute-value pair Foreign=Foreign
[Line                   336]: Unknown attribute-value pair Foreign=Foreign
...suppressing further errors regarding Morpho
*** FAILED *** with 4071 errors
Morpho errors: 4071


******************


</pre>
</div>
<div>
<span class="doublewidespan" style="padding-left:3em">UD Arabic-LDC</span>
<span class="widespan">ar ldc</span>
<span class="validationfail">EMPTY</span>
<span class="doublewidespan"> <time class="timeago" datetime="2016-11-14T21:50:14Z">2016-11-14T21:50:14 zulu</time></span>
</div>
<div>
<pre>
No data
</pre>
</div>
<div>
<span class="doublewidespan" style="padding-left:3em">UD Basque</span>
<span class="widespan">eu</span>
<span class="validationfail">FAIL</span>
<span class="doublewidespan"> <time class="timeago" datetime="2016-12-01T01:37:23Z">2016-12-01T01:37:23 zulu</time></span>
</div>
<div>
<pre>
python /home/ginter/UD_PROJHOOK/tools/validate.py --lang eu /home/ginter/UD_PROJHOOK/UD-dev-branches/UD_Basque/eu-ud-dev.conllu

[Line                   89]: Unknown attribute-value pair Aspect=Pro
[Line                   106]: Unknown attribute-value pair Negative=Neg
[Line                   136]: Unknown attribute-value pair Aspect=Pro
[Line                   161]: Unknown attribute-value pair Aspect=Pro
[Line                   176]: Unknown attribute-value pair Aspect=Pro
[Line                   184]: Unknown attribute-value pair Negative=Pos
[Line                   189]: Unknown attribute-value pair Negative=Neg
[Line                   270]: Unknown attribute-value pair Aspect=Pro
[Line                   384]: Unknown attribute-value pair Negative=Neg
[Line                   387]: Unknown attribute-value pair Aspect=Pro
[Line                   424]: Unknown attribute-value pair Negative=Neg
[Line                   440]: Unknown attribute-value pair Negative=Neg
[Line                   444]: Unknown attribute-value pair Aspect=Pro
[Line                   478]: Unknown attribute-value pair Negative=Neg
[Line                   516]: Unknown attribute-value pair Negative=Neg
[Line                   541]: Unknown attribute-value pair Negative=Neg
[Line                   579]: Unknown attribute-value pair Aspect=Pro
[Line                   584]: Unknown attribute-value pair Negative=Neg
[Line                   590]: Unknown attribute-value pair Aspect=Pro
...suppressing further errors regarding Morpho
*** FAILED *** with 654 errors
Morpho errors: 654


******************

python /home/ginter/UD_PROJHOOK/tools/validate.py --lang eu /home/ginter/UD_PROJHOOK/UD-dev-branches/UD_Basque/eu-ud-test.conllu

[Line                   5]: Unknown attribute-value pair Negative=Neg
[Line                   43]: Unknown attribute-value pair Negative=Neg
[Line                   67]: Unknown attribute-value pair Aspect=Pro
[Line                   90]: Unknown attribute-value pair Aspect=Pro
[Line                   122]: Unknown attribute-value pair Aspect=Pro
[Line                   146]: Unknown attribute-value pair Aspect=Pro
[Line                   171]: Unknown attribute-value pair Negative=Neg
[Line                   210]: Unknown attribute-value pair Negative=Neg
[Line                   266]: Unknown attribute-value pair Negative=Neg
[Line                   300]: Unknown attribute-value pair Negative=Neg
[Line                   353]: Unknown attribute-value pair Negative=Neg
[Line                   382]: Unknown attribute-value pair Aspect=Pro
[Line                   388]: Unknown attribute-value pair Negative=Neg
[Line                   426]: Unknown attribute-value pair Negative=Neg
[Line                   438]: Unknown attribute-value pair Negative=Pos
[Line                   504]: Unknown attribute-value pair Negative=Neg
[Line                   560]: Unknown attribute-value pair Aspect=Pro
[Line                   603]: Unknown attribute-value pair Aspect=Pro
[Line                   629]: Unknown attribute-value pair Negative=Neg
...suppressing further errors regarding Morpho
*** FAILED *** with 605 errors
Morpho errors: 605


******************

python /home/ginter/UD_PROJHOOK/tools/validate.py --lang eu /home/ginter/UD_PROJHOOK/UD-dev-branches/UD_Basque/eu-ud-train.conllu

[Line                   56]: Unknown attribute-value pair Negative=Neg
[Line                   189]: Unknown attribute-value pair Negative=Pos
[Line                   207]: Unknown attribute-value pair Negative=Neg
[Line                   208]: Unknown attribute-value pair Polite[abs]=Inf
[Line                   230]: Unknown attribute-value pair Aspect=Pro
[Line                   299]: Unknown attribute-value pair Negative=Neg
[Line                   327]: Unknown attribute-value pair Negative=Neg
[Line                   414]: Unknown attribute-value pair Aspect=Pro
[Line                   425]: Unknown attribute-value pair Negative=Pos
[Line                   430]: Unknown attribute-value pair Aspect=Pro
[Line                   456]: Unknown attribute-value pair Negative=Neg
[Line                   555]: Unknown attribute-value pair Negative=Neg
[Line                   574]: Unknown attribute-value pair Negative=Neg
[Line                   578]: Unknown attribute-value pair Aspect=Pro
[Line                   607]: Unknown attribute-value pair Negative=Neg
[Line                   613]: Unknown attribute-value pair Negative=Neg
[Line                   760]: Unknown attribute-value pair Aspect=Pro
[Line                   770]: Unknown attribute-value pair Aspect=Pro
[Line                   774]: Unknown attribute-value pair Negative=Neg
...suppressing further errors regarding Morpho
*** FAILED *** with 2024 errors
Morpho errors: 2024


******************


</pre>
</div>
<div>
<span class="doublewidespan" style="padding-left:3em">UD Bulgarian</span>
<span class="widespan">bg</span>
<span class="validationpass">PASS</span>
<span class="doublewidespan"> <time class="timeago" datetime="2016-11-30T22:55:01Z">2016-11-30T22:55:01 zulu</time></span>
</div>
<div>
<pre>
python /home/ginter/UD_PROJHOOK/tools/validate.py --lang bg /home/ginter/UD_PROJHOOK/UD-dev-branches/UD_Bulgarian/bg-ud-dev.conllu

*** PASSED ***


******************

python /home/ginter/UD_PROJHOOK/tools/validate.py --lang bg /home/ginter/UD_PROJHOOK/UD-dev-branches/UD_Bulgarian/bg-ud-test.conllu

*** PASSED ***


******************

python /home/ginter/UD_PROJHOOK/tools/validate.py --lang bg /home/ginter/UD_PROJHOOK/UD-dev-branches/UD_Bulgarian/bg-ud-train.conllu

*** PASSED ***


******************


</pre>
</div>
<div>
<span class="doublewidespan" style="padding-left:3em">UD Buryat</span>
<span class="widespan">bxr</span>
<span class="validationpass">PASS</span>
<span class="doublewidespan"> <time class="timeago" datetime="2016-11-14T21:51:46Z">2016-11-14T21:51:46 zulu</time></span>
</div>
<div>
<pre>
python tools/validate.py --lang bxr UD-dev-branches/UD_Buryat/bxr-ud-dev.conllu

*** PASSED ***


******************

python tools/validate.py --lang bxr UD-dev-branches/UD_Buryat/bxr-ud-test.conllu

*** PASSED ***


******************

python tools/validate.py --lang bxr UD-dev-branches/UD_Buryat/bxr-ud-train.conllu

*** PASSED ***


******************

python tools/validate.py --lang bxr UD-dev-branches/UD_Buryat/bxr-ud.conllu

*** PASSED ***


******************


</pre>
</div>
<div>
<span class="doublewidespan" style="padding-left:3em">UD Catalan</span>
<span class="widespan">ca</span>
<span class="validationfail">FAIL</span>
<span class="doublewidespan"> <time class="timeago" datetime="2016-12-01T01:37:29Z">2016-12-01T01:37:29 zulu</time></span>
</div>
<div>
<pre>
python /home/ginter/UD_PROJHOOK/tools/validate.py --lang ca /home/ginter/UD_PROJHOOK/UD-dev-branches/UD_Catalan/ca-ud-dev.conllu

[Line                   59]: Unknown attribute-value pair Negative=Neg
[Line                   181]: Unknown attribute-value pair Negative=Neg
[Line                   439]: Unknown attribute-value pair Negative=Neg
[Line                   677]: Unknown attribute-value pair Negative=Neg
[Line                   753]: Unknown attribute-value pair Negative=Neg
[Line                   2465]: Unknown attribute-value pair Negative=Neg
[Line                   3087]: Unknown attribute-value pair Negative=Neg
[Line                   3960]: Unknown attribute-value pair Negative=Neg
[Line                   4100]: Unknown attribute-value pair Negative=Neg
[Line                   4472]: Unknown attribute-value pair Negative=Neg
[Line                   4503]: Unknown attribute-value pair Negative=Neg
[Line                   4532]: Unknown attribute-value pair Negative=Neg
[Line                   4823]: Unknown attribute-value pair Negative=Neg
[Line                   4832]: Unknown attribute-value pair Negative=Neg
[Line                   5026]: Unknown attribute-value pair Negative=Neg
[Line                   6097]: Unknown attribute-value pair Negative=Neg
[Line                   6409]: Unknown attribute-value pair Negative=Neg
[Line                   6707]: Unknown attribute-value pair Negative=Neg
[Line                   7213]: Unknown attribute-value pair Negative=Neg
...suppressing further errors regarding Morpho
*** FAILED *** with 322 errors
Morpho errors: 322


******************

python /home/ginter/UD_PROJHOOK/tools/validate.py --lang ca /home/ginter/UD_PROJHOOK/UD-dev-branches/UD_Catalan/ca-ud-test.conllu

[Line                   260]: Unknown attribute-value pair Negative=Neg
[Line                   431]: Unknown attribute-value pair Negative=Neg
[Line                   512]: Unknown attribute-value pair Negative=Neg
[Line                   817]: Unknown attribute-value pair Negative=Neg
[Line                   1235]: Unknown attribute-value pair Negative=Neg
[Line                   2767]: Unknown attribute-value pair Negative=Neg
[Line                   3630]: Unknown attribute-value pair Negative=Neg
[Line                   3640]: Unknown attribute-value pair Negative=Neg
[Line                   4119]: Unknown attribute-value pair Negative=Neg
[Line                   4325]: Unknown attribute-value pair Negative=Neg
[Line                   5428]: Unknown attribute-value pair Negative=Neg
[Line                   6305]: Unknown attribute-value pair Negative=Neg
[Line                   6498]: Unknown attribute-value pair Negative=Neg
[Line                   7425]: Unknown attribute-value pair Negative=Neg
[Line                   7427]: Unknown attribute-value pair Negative=Neg
[Line                   7556]: Unknown attribute-value pair Negative=Neg
[Line                   7602]: Unknown attribute-value pair Negative=Neg
[Line                   7781]: Unknown attribute-value pair Negative=Neg
[Line                   7931]: Unknown attribute-value pair Negative=Neg
...suppressing further errors regarding Morpho
*** FAILED *** with 308 errors
Morpho errors: 308


******************

python /home/ginter/UD_PROJHOOK/tools/validate.py --lang ca /home/ginter/UD_PROJHOOK/UD-dev-branches/UD_Catalan/ca-ud-train.conllu

[Line                   311]: Unknown attribute-value pair Negative=Neg
[Line                   316]: Unknown attribute-value pair Negative=Neg
[Line                   366]: Unknown attribute-value pair Negative=Neg
[Line                   513]: Unknown attribute-value pair Negative=Neg
[Line                   790]: Unknown attribute-value pair Negative=Neg
[Line                   1028]: Unknown attribute-value pair Negative=Neg
[Line                   1121]: Unknown attribute-value pair Negative=Neg
[Line                   1465]: Unknown attribute-value pair Negative=Neg
[Line                   1627]: Unknown attribute-value pair Negative=Neg
[Line                   1823]: Unknown attribute-value pair Negative=Neg
[Line                   1829]: Unknown attribute-value pair Negative=Neg
[Line                   1898]: Unknown attribute-value pair Negative=Neg
[Line                   2355]: Unknown attribute-value pair Negative=Neg
[Line                   2407]: Unknown attribute-value pair Negative=Neg
[Line                   2837]: Unknown attribute-value pair Negative=Neg
[Line                   3486]: Unknown attribute-value pair Negative=Neg
[Line                   3737]: Unknown attribute-value pair Negative=Neg
[Line                   4343]: Unknown attribute-value pair Negative=Neg
[Line                   5019]: Unknown attribute-value pair Negative=Neg
...suppressing further errors regarding Morpho
*** FAILED *** with 2384 errors
Morpho errors: 2384


******************


</pre>
</div>
<div>
<span class="doublewidespan" style="padding-left:3em">UD Chinese</span>
<span class="widespan">zh</span>
<span class="validationpass">PASS</span>
<span class="doublewidespan"> <time class="timeago" datetime="2016-11-12T20:53:28Z">2016-11-12T20:53:28 zulu</time></span>
</div>
<div>
<pre>
python tools/validate.py --lang zh UD-dev-branches/UD_Chinese/zh-ud-dev.conllu

*** PASSED ***


******************

python tools/validate.py --lang zh UD-dev-branches/UD_Chinese/zh-ud-test.conllu

*** PASSED ***


******************

python tools/validate.py --lang zh UD-dev-branches/UD_Chinese/zh-ud-train.conllu

*** PASSED ***


******************


</pre>
</div>
<div>
<span class="doublewidespan" style="padding-left:3em">UD Coptic</span>
<span class="widespan">cop</span>
<span class="validationpass">PASS</span>
<span class="doublewidespan"> <time class="timeago" datetime="2016-11-14T21:52:07Z">2016-11-14T21:52:07 zulu</time></span>
</div>
<div>
<pre>
python tools/validate.py --lang cop UD-dev-branches/UD_Coptic/cop-ud-dev.conllu

*** PASSED ***


******************

python tools/validate.py --lang cop UD-dev-branches/UD_Coptic/cop-ud-test.conllu

*** PASSED ***


******************

python tools/validate.py --lang cop UD-dev-branches/UD_Coptic/cop-ud-train.conllu

*** PASSED ***


******************


</pre>
</div>
<div>
<span class="doublewidespan" style="padding-left:3em">UD Croatian</span>
<span class="widespan">hr</span>
<span class="validationpass">PASS</span>
<span class="doublewidespan"> <time class="timeago" datetime="2016-11-14T21:52:46Z">2016-11-14T21:52:46 zulu</time></span>
</div>
<div>
<pre>
python tools/validate.py --lang hr UD-dev-branches/UD_Croatian/hr-ud-dev.conllu

*** PASSED ***


******************

python tools/validate.py --lang hr UD-dev-branches/UD_Croatian/hr-ud-test.conllu

*** PASSED ***


******************

python tools/validate.py --lang hr UD-dev-branches/UD_Croatian/hr-ud-train.conllu

*** PASSED ***


******************


</pre>
</div>
<div>
<span class="doublewidespan" style="padding-left:3em">UD Czech</span>
<span class="widespan">cs</span>
<span class="validationfail">FAIL</span>
<span class="doublewidespan"> <time class="timeago" datetime="2016-11-30T21:44:35Z">2016-11-30T21:44:35 zulu</time></span>
</div>
<div>
<pre>
python /home/ginter/UD_PROJHOOK/tools/validate.py --lang cs /home/ginter/UD_PROJHOOK/UD-dev-branches/UD_Czech/cs-ud-dev.conllu

[Line                   329]: Unknown attribute-value pair Foreign=Foreign
[Line                   842]: Unknown attribute-value pair Foreign=Foreign
[Line                   844]: Unknown attribute-value pair Foreign=Foreign
[Line                   1375]: Unknown attribute-value pair Foreign=Foreign
[Line                   1399]: Unknown attribute-value pair Foreign=Foreign
[Line                   1401]: Unknown attribute-value pair Foreign=Foreign
[Line                   1529]: Unknown attribute-value pair Foreign=Foreign
[Line                   2017]: Unknown attribute-value pair Foreign=Foreign
[Line                   2018]: Unknown attribute-value pair Foreign=Foreign
[Line                   2918]: Unknown attribute-value pair Foreign=Foreign
[Line                   2919]: Unknown attribute-value pair Foreign=Foreign
[Line                   2986]: Unknown attribute-value pair Foreign=Foreign
[Line                   2987]: Unknown attribute-value pair Foreign=Foreign
[Line                   3436]: Unknown attribute-value pair Foreign=Foreign
[Line                   3548]: Unknown attribute-value pair Foreign=Foreign
[Line                   3849]: Unknown attribute-value pair Foreign=Foreign
[Line                   3863]: Unknown attribute-value pair Foreign=Foreign
[Line                   3875]: Unknown attribute-value pair Foreign=Foreign
[Line                   3876]: Unknown attribute-value pair Foreign=Foreign
...suppressing further errors regarding Morpho
*** FAILED *** with 1013 errors
Morpho errors: 1013


******************

python /home/ginter/UD_PROJHOOK/tools/validate.py --lang cs /home/ginter/UD_PROJHOOK/UD-dev-branches/UD_Czech/cs-ud-test.conllu

[Line                   864]: Unknown attribute-value pair Foreign=Foreign
[Line                   874]: Unknown attribute-value pair Foreign=Foreign
[Line                   2801]: Unknown attribute-value pair Foreign=Foreign
[Line                   2802]: Unknown attribute-value pair Foreign=Foreign
[Line                   2922]: Unknown attribute-value pair Foreign=Foreign
[Line                   2923]: Unknown attribute-value pair Foreign=Foreign
[Line                   3058]: Unknown attribute-value pair Foreign=Foreign
[Line                   3738]: Unknown attribute-value pair Foreign=Foreign
[Line                   3739]: Unknown attribute-value pair Foreign=Foreign
[Line                   3987]: Unknown attribute-value pair Foreign=Foreign
[Line                   3988]: Unknown attribute-value pair Foreign=Foreign
[Line                   4139]: Unknown attribute-value pair NumType=Gen
[Line                   4982]: Unknown attribute-value pair Foreign=Foreign
[Line                   4983]: Unknown attribute-value pair Foreign=Foreign
[Line                   5012]: Unknown attribute-value pair Foreign=Foreign
[Line                   5039]: Unknown attribute-value pair Foreign=Foreign
[Line                   5040]: Unknown attribute-value pair Foreign=Foreign
[Line                   5340]: Unknown attribute-value pair Foreign=Foreign
[Line                   5341]: Unknown attribute-value pair Foreign=Foreign
...suppressing further errors regarding Morpho
*** FAILED *** with 1069 errors
Morpho errors: 1069


******************

python /home/ginter/UD_PROJHOOK/tools/validate.py --lang cs /home/ginter/UD_PROJHOOK/UD-dev-branches/UD_Czech/cs-ud-train-c.conllu

[Line                   24]: Unknown attribute-value pair Foreign=Foreign
[Line                   242]: Unknown attribute-value pair Foreign=Foreign
[Line                   379]: Unknown attribute-value pair Foreign=Foreign
[Line                   381]: Unknown attribute-value pair Foreign=Foreign
[Line                   382]: Unknown attribute-value pair Foreign=Foreign
[Line                   383]: Unknown attribute-value pair Foreign=Foreign
[Line                   781]: Unknown attribute-value pair Foreign=Foreign
[Line                   783]: Unknown attribute-value pair Foreign=Foreign
[Line                   785]: Unknown attribute-value pair Foreign=Foreign
[Line                   786]: Unknown attribute-value pair Foreign=Foreign
[Line                   819]: Unknown attribute-value pair Foreign=Foreign
[Line                   820]: Unknown attribute-value pair Foreign=Foreign
[Line                   1934]: Unknown attribute-value pair Foreign=Foreign
[Line                   2023]: Unknown attribute-value pair Foreign=Foreign
[Line                   2025]: Unknown attribute-value pair Foreign=Foreign
[Line                   2026]: Unknown attribute-value pair Foreign=Foreign
[Line                   2027]: Unknown attribute-value pair Foreign=Foreign
[Line                   2319]: Unknown attribute-value pair Foreign=Foreign
[Line                   3961]: Unknown attribute-value pair NumType=Gen
...suppressing further errors regarding Morpho
*** FAILED *** with 552 errors
Morpho errors: 552


******************

python /home/ginter/UD_PROJHOOK/tools/validate.py --lang cs /home/ginter/UD_PROJHOOK/UD-dev-branches/UD_Czech/cs-ud-train-l.conllu

[Line                   335]: Unknown attribute-value pair Foreign=Foreign
[Line                   1848]: Unknown attribute-value pair Foreign=Foreign
[Line                   1879]: Unknown attribute-value pair Foreign=Foreign
[Line                   1880]: Unknown attribute-value pair Foreign=Foreign
[Line                   1881]: Unknown attribute-value pair Foreign=Foreign
[Line                   1959]: Unknown attribute-value pair Foreign=Foreign
[Line                   2047]: Unknown attribute-value pair Foreign=Foreign
[Line                   2048]: Unknown attribute-value pair Foreign=Foreign
[Line                   2052]: Unknown attribute-value pair Foreign=Foreign
[Line                   2104]: Unknown attribute-value pair Foreign=Foreign
[Line                   2134]: Unknown attribute-value pair Foreign=Foreign
[Line                   2168]: Unknown attribute-value pair Foreign=Foreign
[Line                   2169]: Unknown attribute-value pair Foreign=Foreign
[Line                   2434]: Unknown attribute-value pair Foreign=Foreign
[Line                   2456]: Unknown attribute-value pair Foreign=Foreign
[Line                   2457]: Unknown attribute-value pair Foreign=Foreign
[Line                   2644]: Unknown attribute-value pair Foreign=Foreign
[Line                   2645]: Unknown attribute-value pair Foreign=Foreign
[Line                   2692]: Unknown attribute-value pair Foreign=Foreign
...suppressing further errors regarding Morpho
*** FAILED *** with 4587 errors
Morpho errors: 4587


******************

python /home/ginter/UD_PROJHOOK/tools/validate.py --lang cs /home/ginter/UD_PROJHOOK/UD-dev-branches/UD_Czech/cs-ud-train-m.conllu

[Line                   1775]: Unknown attribute-value pair Foreign=Foreign
[Line                   1812]: Unknown attribute-value pair Foreign=Foreign
[Line                   1873]: Unknown attribute-value pair Foreign=Foreign
[Line                   1888]: Unknown attribute-value pair Foreign=Foreign
[Line                   2784]: Unknown attribute-value pair Foreign=Foreign
[Line                   2785]: Unknown attribute-value pair Foreign=Foreign
[Line                   2786]: Unknown attribute-value pair Foreign=Foreign
[Line                   2800]: Unknown attribute-value pair Foreign=Foreign
[Line                   2803]: Unknown attribute-value pair Foreign=Foreign
[Line                   2804]: Unknown attribute-value pair Foreign=Foreign
[Line                   4371]: Unknown attribute-value pair Foreign=Foreign
[Line                   4540]: Unknown attribute-value pair Foreign=Foreign
[Line                   4542]: Unknown attribute-value pair Foreign=Foreign
[Line                   4544]: Unknown attribute-value pair Foreign=Foreign
[Line                   4663]: Unknown attribute-value pair Foreign=Foreign
[Line                   4664]: Unknown attribute-value pair Foreign=Foreign
[Line                   4770]: Unknown attribute-value pair Foreign=Foreign
[Line                   5093]: Unknown attribute-value pair Foreign=Foreign
[Line                   5113]: Unknown attribute-value pair Foreign=Foreign
...suppressing further errors regarding Morpho
*** FAILED *** with 916 errors
Morpho errors: 916


******************

python /home/ginter/UD_PROJHOOK/tools/validate.py --lang cs /home/ginter/UD_PROJHOOK/UD-dev-branches/UD_Czech/cs-ud-train-v.conllu

[Line                   1974]: Unknown attribute-value pair Foreign=Foreign
[Line                   1975]: Unknown attribute-value pair Foreign=Foreign
[Line                   2380]: Unknown attribute-value pair Foreign=Foreign
[Line                   2381]: Unknown attribute-value pair Foreign=Foreign
[Line                   2486]: Unknown attribute-value pair Foreign=Foreign
[Line                   2650]: Unknown attribute-value pair Foreign=Foreign
[Line                   3073]: Unknown attribute-value pair Foreign=Foreign
[Line                   3074]: Unknown attribute-value pair Foreign=Foreign
[Line                   3625]: Unknown attribute-value pair Foreign=Foreign
[Line                   5193]: Unknown attribute-value pair Foreign=Foreign
[Line                   5194]: Unknown attribute-value pair Foreign=Foreign
[Line                   5311]: Unknown attribute-value pair Foreign=Foreign
[Line                   5533]: Unknown attribute-value pair Foreign=Foreign
[Line                   5605]: Unknown attribute-value pair Foreign=Foreign
[Line                   6799]: Unknown attribute-value pair Foreign=Foreign
[Line                   6800]: Unknown attribute-value pair Foreign=Foreign
[Line                   7546]: Unknown attribute-value pair Foreign=Foreign
[Line                   7547]: Unknown attribute-value pair Foreign=Foreign
[Line                   7548]: Unknown attribute-value pair Foreign=Foreign
...suppressing further errors regarding Morpho
*** FAILED *** with 1242 errors
Morpho errors: 1242


******************


</pre>
</div>
<div>
<span class="doublewidespan" style="padding-left:3em">UD Czech-CAC</span>
<span class="widespan">cs cac</span>
<span class="validationfail">FAIL</span>
<span class="doublewidespan"> <time class="timeago" datetime="2016-11-30T21:46:02Z">2016-11-30T21:46:02 zulu</time></span>
</div>
<div>
<pre>
python /home/ginter/UD_PROJHOOK/tools/validate.py --lang cs_cac /home/ginter/UD_PROJHOOK/UD-dev-branches/UD_Czech-CAC/cs_cac-ud-dev.conllu

[Line                   2634]: Unknown attribute-value pair Foreign=Foreign
[Line                   6014]: Unknown attribute-value pair Foreign=Foreign
[Line                   9905]: Unknown attribute-value pair Foreign=Foreign
[Line                   9906]: Unknown attribute-value pair Foreign=Foreign
[Line                   10222]: Unknown attribute-value pair Foreign=Foreign
[Line                   10229]: Unknown attribute-value pair Foreign=Foreign
[Line                   10354]: Unknown attribute-value pair NumType=Gen
[Line                   10565]: Unknown attribute-value pair NumType=Gen
[Line                   12238]: Unknown attribute-value pair Foreign=Foreign
[Line                   12261]: Unknown attribute-value pair Foreign=Foreign
[Line                   12338]: Unknown attribute-value pair Foreign=Foreign
[Line                   12365]: Unknown attribute-value pair Foreign=Foreign
[Line                   12513]: Unknown attribute-value pair Foreign=Foreign
[Line                   12522]: Unknown attribute-value pair Foreign=Foreign
[Line                   12523]: Unknown attribute-value pair Foreign=Foreign
[Line                   12524]: Unknown attribute-value pair Foreign=Foreign
*** FAILED *** with 16 errors
Morpho errors: 16


******************

python /home/ginter/UD_PROJHOOK/tools/validate.py --lang cs_cac /home/ginter/UD_PROJHOOK/UD-dev-branches/UD_Czech-CAC/cs_cac-ud-test.conllu

[Line                   2113]: Unknown attribute-value pair Foreign=Foreign
[Line                   5933]: Unknown attribute-value pair NumType=Gen
[Line                   8945]: Unknown attribute-value pair Foreign=Foreign
[Line                   11511]: Unknown attribute-value pair Foreign=Foreign
[Line                   11512]: Unknown attribute-value pair Foreign=Foreign
[Line                   11513]: Unknown attribute-value pair Foreign=Foreign
[Line                   11514]: Unknown attribute-value pair Foreign=Foreign
*** FAILED *** with 7 errors
Morpho errors: 7


******************

python /home/ginter/UD_PROJHOOK/tools/validate.py --lang cs_cac /home/ginter/UD_PROJHOOK/UD-dev-branches/UD_Czech-CAC/cs_cac-ud-train.conllu

[Line                   25447]: Unknown attribute-value pair Foreign=Foreign
[Line                   27902]: Unknown attribute-value pair Foreign=Foreign
[Line                   33430]: Unknown attribute-value pair Foreign=Foreign
[Line                   33740]: Unknown attribute-value pair Foreign=Foreign
[Line                   40904]: Unknown attribute-value pair NumType=Gen
[Line                   48375]: Unknown attribute-value pair Foreign=Foreign
[Line                   48439]: Unknown attribute-value pair Foreign=Foreign
[Line                   48768]: Unknown attribute-value pair NumType=Gen
[Line                   53248]: Unknown attribute-value pair NumType=Gen
[Line                   59715]: Unknown attribute-value pair Foreign=Foreign
[Line                   61043]: Unknown attribute-value pair Foreign=Foreign
[Line                   61044]: Unknown attribute-value pair Foreign=Foreign
[Line                   68733]: Unknown attribute-value pair Foreign=Foreign
[Line                   68737]: Unknown attribute-value pair Foreign=Foreign
[Line                   68739]: Unknown attribute-value pair Foreign=Foreign
[Line                   68741]: Unknown attribute-value pair Foreign=Foreign
[Line                   68819]: Unknown attribute-value pair Foreign=Foreign
[Line                   68822]: Unknown attribute-value pair Foreign=Foreign
[Line                   71781]: Unknown attribute-value pair Foreign=Foreign
...suppressing further errors regarding Morpho
*** FAILED *** with 535 errors
Morpho errors: 535


******************


</pre>
</div>
<div>
<span class="doublewidespan" style="padding-left:3em">UD Czech-CLTT</span>
<span class="widespan">cs cltt</span>
<span class="validationpass">PASS</span>
<span class="doublewidespan"> <time class="timeago" datetime="2016-11-30T21:46:31Z">2016-11-30T21:46:31 zulu</time></span>
</div>
<div>
<pre>
python /home/ginter/UD_PROJHOOK/tools/validate.py --lang cs_cltt /home/ginter/UD_PROJHOOK/UD-dev-branches/UD_Czech-CLTT/cs_cltt-ud-dev.conllu

*** PASSED ***


******************

python /home/ginter/UD_PROJHOOK/tools/validate.py --lang cs_cltt /home/ginter/UD_PROJHOOK/UD-dev-branches/UD_Czech-CLTT/cs_cltt-ud-test.conllu

*** PASSED ***


******************

python /home/ginter/UD_PROJHOOK/tools/validate.py --lang cs_cltt /home/ginter/UD_PROJHOOK/UD-dev-branches/UD_Czech-CLTT/cs_cltt-ud-train.conllu

*** PASSED ***


******************


</pre>
</div>
<div>
<span class="doublewidespan" style="padding-left:3em">UD Danish</span>
<span class="widespan">da</span>
<span class="validationfail">FAIL</span>
<span class="doublewidespan"> <time class="timeago" datetime="2016-12-01T01:37:54Z">2016-12-01T01:37:54 zulu</time></span>
</div>
<div>
<pre>
python /home/ginter/UD_PROJHOOK/tools/validate.py --lang da /home/ginter/UD_PROJHOOK/UD-dev-branches/UD_Danish/da-ud-dev.conllu

[Line                   18]: Unknown attribute-value pair VerbForm=Trans
[Line                   32]: Unknown attribute-value pair VerbForm=Trans
[Line                   83]: Unknown attribute-value pair VerbForm=Trans
[Line                   98]: Unknown attribute-value pair VerbForm=Trans
[Line                   164]: Unknown attribute-value pair VerbForm=Trans
[Line                   165]: Unknown attribute-value pair VerbForm=Trans
[Line                   190]: Unknown attribute-value pair VerbForm=Trans
[Line                   191]: Unknown attribute-value pair VerbForm=Trans
[Line                   251]: Unknown attribute-value pair VerbForm=Trans
[Line                   314]: Unknown attribute-value pair VerbForm=Trans
[Line                   320]: Unknown attribute-value pair VerbForm=Trans
[Line                   382]: Unknown attribute-value pair VerbForm=Trans
[Line                   402]: Unknown attribute-value pair VerbForm=Trans
[Line                   458]: Unknown attribute-value pair VerbForm=Trans
[Line                   466]: Unknown attribute-value pair VerbForm=Trans
[Line                   532]: Unknown attribute-value pair VerbForm=Trans
[Line                   583]: Unknown attribute-value pair VerbForm=Trans
[Line                   657]: Unknown attribute-value pair VerbForm=Trans
[Line                   672]: Unknown attribute-value pair VerbForm=Trans
...suppressing further errors regarding Morpho
*** FAILED *** with 145 errors
Morpho errors: 145


******************

python /home/ginter/UD_PROJHOOK/tools/validate.py --lang da /home/ginter/UD_PROJHOOK/UD-dev-branches/UD_Danish/da-ud-test.conllu

[Line                   123]: Unknown attribute-value pair VerbForm=Trans
[Line                   177]: Unknown attribute-value pair VerbForm=Trans
[Line                   314]: Unknown attribute-value pair VerbForm=Trans
[Line                   323]: Unknown attribute-value pair VerbForm=Trans
[Line                   392]: Unknown attribute-value pair VerbForm=Trans
[Line                   529]: Unknown attribute-value pair VerbForm=Trans
[Line                   553]: Unknown attribute-value pair VerbForm=Trans
[Line                   624]: Unknown attribute-value pair VerbForm=Trans
[Line                   632]: Unknown attribute-value pair VerbForm=Trans
[Line                   651]: Unknown attribute-value pair VerbForm=Trans
[Line                   663]: Unknown attribute-value pair VerbForm=Trans
[Line                   673]: Unknown attribute-value pair VerbForm=Trans
[Line                   732]: Unknown attribute-value pair VerbForm=Trans
[Line                   762]: Unknown attribute-value pair VerbForm=Trans
[Line                   763]: Unknown attribute-value pair VerbForm=Trans
[Line                   816]: Unknown attribute-value pair VerbForm=Trans
[Line                   820]: Unknown attribute-value pair VerbForm=Trans
[Line                   833]: Unknown attribute-value pair VerbForm=Trans
[Line                   839]: Unknown attribute-value pair VerbForm=Trans
...suppressing further errors regarding Morpho
*** FAILED *** with 118 errors
Morpho errors: 118


******************

python /home/ginter/UD_PROJHOOK/tools/validate.py --lang da /home/ginter/UD_PROJHOOK/UD-dev-branches/UD_Danish/da-ud-train.conllu

[Line                   5]: Unknown attribute-value pair VerbForm=Trans
[Line                   143]: Unknown attribute-value pair VerbForm=Trans
[Line                   163]: Unknown attribute-value pair VerbForm=Trans
[Line                   172]: Unknown attribute-value pair VerbForm=Trans
[Line                   326]: Unknown attribute-value pair VerbForm=Trans
[Line                   497]: Unknown attribute-value pair VerbForm=Trans
[Line                   498]: Unknown attribute-value pair VerbForm=Trans
[Line                   537]: Unknown attribute-value pair VerbForm=Trans
[Line                   718]: Unknown attribute-value pair VerbForm=Trans
[Line                   767]: Unknown attribute-value pair VerbForm=Trans
[Line                   800]: Unknown attribute-value pair VerbForm=Trans
[Line                   848]: Unknown attribute-value pair VerbForm=Trans
[Line                   894]: Unknown attribute-value pair VerbForm=Trans
[Line                   951]: Unknown attribute-value pair VerbForm=Trans
[Line                   1030]: Unknown attribute-value pair VerbForm=Trans
[Line                   1089]: Unknown attribute-value pair VerbForm=Trans
[Line                   1132]: Unknown attribute-value pair VerbForm=Trans
[Line                   1133]: Unknown attribute-value pair VerbForm=Trans
[Line                   1185]: Unknown attribute-value pair VerbForm=Trans
...suppressing further errors regarding Morpho
*** FAILED *** with 1716 errors
Morpho errors: 1716


******************


</pre>
</div>
<div>
<span class="doublewidespan" style="padding-left:3em">UD Dutch</span>
<span class="widespan">nl</span>
<span class="validationfail">FAIL</span>
<span class="doublewidespan"> <time class="timeago" datetime="2016-11-30T21:46:38Z">2016-11-30T21:46:38 zulu</time></span>
</div>
<div>
<pre>
python /home/ginter/UD_PROJHOOK/tools/validate.py --lang nl /home/ginter/UD_PROJHOOK/UD-dev-branches/UD_Dutch/nl-ud-dev.conllu

[Line                   1621]: Unknown attribute-value pair Foreign=Foreign
*** FAILED *** with 1 errors
Morpho errors: 1


******************

python /home/ginter/UD_PROJHOOK/tools/validate.py --lang nl /home/ginter/UD_PROJHOOK/UD-dev-branches/UD_Dutch/nl-ud-test.conllu

[Line                   2850]: Unknown attribute-value pair Foreign=Foreign
[Line                   3889]: Unknown attribute-value pair Foreign=Foreign
[Line                   5857]: Unknown attribute-value pair Foreign=Foreign
[Line                   5865]: Unknown attribute-value pair Foreign=Foreign
[Line                   5866]: Unknown attribute-value pair Foreign=Foreign
*** FAILED *** with 5 errors
Morpho errors: 5


******************

python /home/ginter/UD_PROJHOOK/tools/validate.py --lang nl /home/ginter/UD_PROJHOOK/UD-dev-branches/UD_Dutch/nl-ud-train.conllu

[Line                   8084]: Unknown attribute-value pair Foreign=Foreign
[Line                   12775]: Unknown attribute-value pair Foreign=Foreign
[Line                   12776]: Unknown attribute-value pair Foreign=Foreign
[Line                   15801]: Unknown attribute-value pair Foreign=Foreign
[Line                   17584]: Unknown attribute-value pair Foreign=Foreign
[Line                   26711]: Unknown attribute-value pair Foreign=Foreign
[Line                   83575]: Unknown attribute-value pair Foreign=Foreign
[Line                   83589]: Unknown attribute-value pair Foreign=Foreign
[Line                   99310]: Unknown attribute-value pair Foreign=Foreign
[Line                   148938]: Unknown attribute-value pair Foreign=Foreign
[Line                   231288]: Unknown attribute-value pair Foreign=Foreign
*** FAILED *** with 11 errors
Morpho errors: 11


******************


</pre>
</div>
<div>
<span class="doublewidespan" style="padding-left:3em">UD Dutch-LassySmall</span>
<span class="widespan">nl lassysmall</span>
<span class="validationpass">PASS</span>
<span class="doublewidespan"> <time class="timeago" datetime="2016-11-30T21:46:48Z">2016-11-30T21:46:48 zulu</time></span>
</div>
<div>
<pre>
python /home/ginter/UD_PROJHOOK/tools/validate.py --lang nl_lassysmall /home/ginter/UD_PROJHOOK/UD-dev-branches/UD_Dutch-LassySmall/nl_lassysmall-ud-dev.conllu

*** PASSED ***


******************

python /home/ginter/UD_PROJHOOK/tools/validate.py --lang nl_lassysmall /home/ginter/UD_PROJHOOK/UD-dev-branches/UD_Dutch-LassySmall/nl_lassysmall-ud-test.conllu

*** PASSED ***


******************

python /home/ginter/UD_PROJHOOK/tools/validate.py --lang nl_lassysmall /home/ginter/UD_PROJHOOK/UD-dev-branches/UD_Dutch-LassySmall/nl_lassysmall-ud-train.conllu

*** PASSED ***


******************


</pre>
</div>
<div>
<span class="doublewidespan" style="padding-left:3em">UD English</span>
<span class="widespan">en</span>
<span class="validationpass">PASS</span>
<span class="doublewidespan"> <time class="timeago" datetime="2016-11-16T05:43:43Z">2016-11-16T05:43:43 zulu</time></span>
</div>
<div>
<pre>
python tools/validate.py --lang en UD-dev-branches/UD_English/en-ud-dev.conllu

*** PASSED ***


******************

python tools/validate.py --lang en UD-dev-branches/UD_English/en-ud-test.conllu

*** PASSED ***


******************

python tools/validate.py --lang en UD-dev-branches/UD_English/en-ud-train.conllu

*** PASSED ***


******************


</pre>
</div>
<div>
<span class="doublewidespan" style="padding-left:3em">UD English-ESL</span>
<span class="widespan">en esl</span>
<span class="validationpass">PASS</span>
<span class="doublewidespan"> <time class="timeago" datetime="2016-11-28T01:16:03Z">2016-11-28T01:16:03 zulu</time></span>
</div>
<div>
<pre>
python tools/validate.py --lang en_esl UD-dev-branches/UD_English-ESL/en_esl-ud-dev.conllu

*** PASSED ***


******************

python tools/validate.py --lang en_esl UD-dev-branches/UD_English-ESL/en_esl-ud-test.conllu

*** PASSED ***


******************

python tools/validate.py --lang en_esl UD-dev-branches/UD_English-ESL/en_esl-ud-train.conllu

*** PASSED ***


******************


</pre>
</div>
<div>
<span class="doublewidespan" style="padding-left:3em">UD English-LinES</span>
<span class="widespan">en lines</span>
<span class="validationpass">PASS</span>
<span class="doublewidespan"> <time class="timeago" datetime="2016-11-12T20:57:37Z">2016-11-12T20:57:37 zulu</time></span>
</div>
<div>
<pre>
python tools/validate.py --lang en_lines UD-dev-branches/UD_English-LinES/en_lines-ud-dev.conllu

*** PASSED ***


******************

python tools/validate.py --lang en_lines UD-dev-branches/UD_English-LinES/en_lines-ud-test.conllu

*** PASSED ***


******************

python tools/validate.py --lang en_lines UD-dev-branches/UD_English-LinES/en_lines-ud-train.conllu

*** PASSED ***


******************


</pre>
</div>
<div>
<span class="doublewidespan" style="padding-left:3em">UD Estonian</span>
<span class="widespan">et</span>
<span class="validationpass">PASS</span>
<span class="doublewidespan"> <time class="timeago" datetime="2016-11-30T21:46:52Z">2016-11-30T21:46:52 zulu</time></span>
</div>
<div>
<pre>
python /home/ginter/UD_PROJHOOK/tools/validate.py --lang et /home/ginter/UD_PROJHOOK/UD-dev-branches/UD_Estonian/et-ud-dev.conllu

*** PASSED ***


******************

python /home/ginter/UD_PROJHOOK/tools/validate.py --lang et /home/ginter/UD_PROJHOOK/UD-dev-branches/UD_Estonian/et-ud-test.conllu

*** PASSED ***


******************

python /home/ginter/UD_PROJHOOK/tools/validate.py --lang et /home/ginter/UD_PROJHOOK/UD-dev-branches/UD_Estonian/et-ud-train.conllu

*** PASSED ***


******************


</pre>
</div>
<div>
<span class="doublewidespan" style="padding-left:3em">UD Faroese</span>
<span class="widespan">fo</span>
<span class="validationfail">FAIL</span>
<span class="doublewidespan"> <time class="timeago" datetime="2016-12-01T01:06:06Z">2016-12-01T01:06:06 zulu</time></span>
</div>
<div>
<pre>
python /home/ginter/UD_PROJHOOK/tools/validate.py --lang fo /home/ginter/UD_PROJHOOK/UD-dev-branches/UD_Faroese/fo-ud-dev.conllu

[Line                   10]: Unknown UD DEPREL: obj
[Line                   18]: Unknown UD DEPREL: obj
[Line                   27]: Unknown UPOS tag: CCONJ
[Line                   41]: Column FORM is not allowed to contain whitespace: '40 %'
[Line                   41]: Column LEMMA is not allowed to contain whitespace: '40 %'
[Line                   55]: Unknown UD DEPREL: obj
[Line                   57]: DEPREL can only be "root" if HEAD is 0
[Tree number 7 on line 48]: HEAD == ID for 9
[Tree number 7 on line 48]: Non-tree structure. Words 1,2,3,4,5,6,7,8,9 are not reachable from the root 0.
*** FAILED *** with 9 errors
Format errors: 3
Morpho errors: 1
Syntax errors: 5


******************

python /home/ginter/UD_PROJHOOK/tools/validate.py --lang fo /home/ginter/UD_PROJHOOK/UD-dev-branches/UD_Faroese/fo-ud-tagged.conllu

[Tree number 1 on line 2]: Multiple root words: [1, 2, 3, 4]
[Tree number 2 on line 7]: Multiple root words: [1, 2]
[Tree number 3 on line 10]: Multiple root words: [1, 2, 3, 4, 5, 6, 7, 8, 9, 10, 11, 12, 13, 14, 15, 16, 17, 18, 19, 20, 21, 22, 23, 24, 25, 26, 27, 28, 29, 30, 31, 32, 33, 34, 35, 36, 37, 38, 39, 40, 41, 42, 43, 44, 45, 46, 47, 48, 49, 50, 51, 52, 53, 54]
[Tree number 4 on line 65]: Multiple root words: [1, 2, 3, 4, 5, 6, 7, 8, 9, 10, 11, 12, 13]
[Tree number 5 on line 79]: Multiple root words: [1, 2, 3, 4, 5, 6, 7, 8, 9, 10, 11, 12, 13, 14, 15, 16, 17, 18, 19, 20, 21, 22, 23, 24, 25, 26, 27, 28, 29, 30, 31, 32, 33, 34, 35, 36, 37]
[Tree number 6 on line 117]: Multiple root words: [1, 2, 3, 4, 5, 6, 7, 8, 9, 10, 11, 12, 13, 14, 15, 16, 17, 18, 19, 20, 21, 22, 23, 24, 25, 26, 27, 28, 29, 30, 31, 32, 33, 34, 35, 36, 37, 38, 39, 40, 41, 42, 43, 44, 45, 46, 47, 48, 49, 50, 51, 52, 53, 54, 55, 56, 57, 58, 59, 60, 61, 62, 63, 64, 65, 66, 67, 68, 69, 70, 71, 72, 73]
[Tree number 7 on line 191]: Multiple root words: [1, 2, 3]
[Tree number 8 on line 195]: Multiple root words: [1, 2, 3, 4, 5, 6, 7, 8, 9, 10, 11, 12, 13, 14, 15, 16, 17, 18, 19, 20, 21, 22, 23, 24, 25, 26, 27, 28, 29, 30, 31, 32]
[Tree number 9 on line 228]: Multiple root words: [1, 2, 3, 4, 5, 6, 7, 8, 9, 10, 11, 12, 13, 14, 15, 16, 17, 18, 19, 20, 21, 22, 23, 24, 25, 26, 27, 28, 29, 30, 31, 32, 33, 34, 35, 36, 37, 38, 39, 40, 41, 42, 43, 44, 45, 46, 47, 48, 49, 50, 51, 52, 53, 54, 55, 56, 57, 58, 59, 60, 61, 62, 63, 64, 65, 66, 67, 68, 69, 70, 71, 72, 73, 74, 75, 76, 77, 78, 79, 80, 81, 82, 83, 84, 85, 86, 87, 88, 89, 90, 91, 92, 93, 94, 95, 96, 97]
[Tree number 10 on line 326]: Multiple root words: [1, 2, 3]
[Tree number 11 on line 330]: Multiple root words: [1, 2, 3, 4, 5, 6, 7, 8, 9, 10, 11, 12, 13, 14, 15, 16, 17, 18, 19, 20, 21, 22, 23, 24, 25, 26, 27, 28, 29, 30, 31, 32, 33, 34, 35, 36, 37, 38, 39, 40, 41, 42, 43, 44, 45, 46, 47, 48, 49, 50, 51, 52, 53, 54, 55, 56, 57, 58, 59, 60, 61, 62, 63, 64, 65, 66, 67, 68, 69, 70, 71, 72, 73, 74, 75, 76, 77, 78, 79, 80, 81, 82, 83, 84, 85, 86, 87, 88, 89, 90, 91, 92, 93, 94, 95, 96, 97, 98, 99, 100, 101, 102, 103, 104, 105, 106, 107, 108, 109, 110, 111, 112, 113, 114, 115, 116, 117, 118, 119, 120, 121, 122, 123, 124, 125, 126, 127, 128, 129, 130, 131, 132]
[Tree number 12 on line 463]: Multiple root words: [1, 2]
[Tree number 13 on line 466]: Multiple root words: [1, 2, 3, 4, 5, 6, 7, 8, 9, 10, 11, 12, 13, 14, 15, 16, 17, 18, 19, 20, 21, 22, 23, 24, 25, 26, 27, 28, 29, 30, 31, 32, 33, 34, 35, 36, 37, 38, 39, 40, 41, 42, 43, 44, 45, 46, 47, 48, 49, 50, 51, 52, 53, 54, 55, 56, 57, 58, 59, 60, 61, 62, 63, 64, 65, 66, 67, 68, 69, 70, 71, 72, 73, 74, 75, 76, 77, 78, 79, 80, 81, 82, 83, 84, 85, 86]
[Tree number 15 on line 555]: Multiple root words: [1, 2, 3, 4, 5, 6, 7, 8, 9, 10, 11, 12, 13, 14, 15, 16, 17, 18, 19, 20, 21, 22, 23, 24, 25, 26, 27, 28, 29, 30, 31, 32, 33, 34, 35, 36]
[Tree number 16 on line 592]: Multiple root words: [1, 2, 3, 4, 5, 6, 7, 8, 9, 10, 11, 12, 13, 14, 15, 16, 17, 18, 19, 20, 21, 22, 23, 24, 25, 26, 27, 28, 29, 30, 31, 32, 33, 34, 35, 36, 37, 38, 39, 40, 41, 42, 43, 44, 45, 46, 47, 48, 49, 50, 51, 52, 53, 54, 55, 56]
[Tree number 17 on line 649]: Multiple root words: [1, 2, 3, 4, 5, 6, 7, 8, 9, 10, 11, 12, 13, 14, 15, 16, 17, 18, 19, 20, 21, 22, 23, 24, 25, 26, 27, 28, 29, 30, 31, 32, 33, 34, 35, 36, 37, 38, 39, 40, 41, 42, 43, 44, 45, 46, 47, 48, 49, 50, 51, 52, 53, 54, 55, 56, 57, 58, 59, 60, 61, 62, 63, 64, 65, 66, 67, 68, 69, 70, 71]
[Tree number 18 on line 722]: Multiple root words: [1, 2, 3]
[Tree number 19 on line 726]: Multiple root words: [1, 2, 3, 4, 5, 6, 7, 8, 9, 10, 11, 12, 13, 14, 15, 16, 17, 18, 19, 20, 21, 22, 23, 24, 25, 26, 27, 28, 29, 30, 31, 32, 33, 34, 35, 36, 37, 38, 39, 40, 41, 42, 43, 44, 45, 46, 47, 48, 49, 50, 51, 52, 53]
[Line                   785]: Unknown attribute-value pair Foreign=Foreign
[Tree number 20 on line 780]: Multiple root words: [1, 2, 3, 4, 5, 6, 7, 8, 9, 10, 11, 12, 13, 14, 15, 16, 17, 18, 19, 20, 21, 22, 23, 24, 25, 26, 27, 28, 29, 30, 31, 32, 33, 34, 35, 36, 37, 38, 39, 40, 41]
...suppressing further errors regarding Syntax
[Line                   855]: Unknown attribute-value pair Foreign=Foreign
[Line                   958]: Unknown attribute-value pair Foreign=Foreign
[Line                   969]: Unknown attribute-value pair Foreign=Foreign
[Line                   1415]: Unknown attribute-value pair Foreign=Foreign
[Line                   1423]: Unknown attribute-value pair Foreign=Foreign
[Line                   1449]: Unknown attribute-value pair Foreign=Foreign
[Line                   1554]: Unknown attribute-value pair Foreign=Foreign
[Line                   1596]: Unknown attribute-value pair Foreign=Foreign
[Line                   1597]: Unknown attribute-value pair Foreign=Foreign
[Line                   1631]: Unknown attribute-value pair Foreign=Foreign
[Line                   1995]: Unknown attribute-value pair Foreign=Foreign
[Line                   3342]: Unknown attribute-value pair Foreign=Foreign
[Line                   3343]: Unknown attribute-value pair Foreign=Foreign
[Line                   3356]: Unknown attribute-value pair Foreign=Foreign
[Line                   3357]: Unknown attribute-value pair Foreign=Foreign
[Line                   3369]: Unknown attribute-value pair Foreign=Foreign
[Line                   3370]: Unknown attribute-value pair Foreign=Foreign
[Line                   3435]: Unknown attribute-value pair Foreign=Foreign
...suppressing further errors regarding Morpho
*** FAILED *** with 4420 errors
Morpho errors: 873
Syntax errors: 3547


******************

python /home/ginter/UD_PROJHOOK/tools/validate.py --lang fo /home/ginter/UD_PROJHOOK/UD-dev-branches/UD_Faroese/fo-ud-wiki.conllu

[Line                   1]: Unknown UD DEPREL: nsubj:cop
[Line                   9]: Unknown UD DEPREL: nsubj:cop
[Tree number 3 on line 17]: HEAD == ID for 1
[Tree number 3 on line 17]: HEAD == ID for 7
[Tree number 3 on line 17]: Non-tree structure. Words 1,7 are not reachable from the root 0.
[Tree number 4 on line 25]: HEAD == ID for 1
[Tree number 4 on line 25]: HEAD == ID for 2
[Tree number 4 on line 25]: HEAD == ID for 3
[Tree number 4 on line 25]: HEAD == ID for 5
[Tree number 4 on line 25]: HEAD == ID for 6
[Tree number 4 on line 25]: HEAD == ID for 7
[Tree number 4 on line 25]: HEAD == ID for 8
[Tree number 4 on line 25]: HEAD == ID for 9
[Tree number 4 on line 25]: HEAD == ID for 10
[Tree number 4 on line 25]: HEAD == ID for 11
[Tree number 4 on line 25]: HEAD == ID for 13
[Tree number 4 on line 25]: HEAD == ID for 14
[Tree number 4 on line 25]: Non-tree structure. Words 1,2,3,4,5,6,7,8,9,10,11,12,13,14 are not reachable from the root 0.
[Line                   44]: Unknown UPOS tag: CCONJ
[Tree number 5 on line 40]: HEAD == ID for 4
[Tree number 5 on line 40]: HEAD == ID for 5
[Tree number 5 on line 40]: HEAD == ID for 7
[Tree number 5 on line 40]: HEAD == ID for 8
[Tree number 5 on line 40]: Non-tree structure. Words 3,4,5,6,7,8 are not reachable from the root 0.
[Tree number 6 on line 49]: HEAD == ID for 2
...suppressing further errors regarding Format
[Tree number 6 on line 49]: Non-tree structure. Words 1,2,6,7,8,9,10,11,12,13 are not reachable from the root 0.
[Line                   65]: Unknown UPOS tag: CCONJ
[Tree number 7 on line 63]: Non-tree structure. Words 3,6,7,8 are not reachable from the root 0.
[Tree number 8 on line 72]: Non-tree structure. Words 4 are not reachable from the root 0.
[Line                   84]: Unknown UPOS tag: CCONJ
[Tree number 9 on line 77]: Non-tree structure. Words 1,2,3,4,5,6,7,8,9,10,11,12 are not reachable from the root 0.
[Tree number 10 on line 90]: Non-tree structure. Words 1,2,3,4,5,6,7,8 are not reachable from the root 0.
[Tree number 11 on line 99]: Non-tree structure. Words 1,2,3,4,5,6,7,8,9,10,11,12,13,14,15 are not reachable from the root 0.
[Line                   117]: Unknown UPOS tag: CCONJ
[Tree number 12 on line 115]: Non-tree structure. Words 1,2,3,4,5,6,7 are not reachable from the root 0.
[Line                   124]: Unknown UPOS tag: CCONJ
[Tree number 13 on line 123]: Non-tree structure. Words 1,2,3,4,5,6,7,8,9,10 are not reachable from the root 0.
[Tree number 14 on line 134]: Non-tree structure. Words 1,2,3,4,5,6,7,8,9,10,11 are not reachable from the root 0.
[Line                   149]: Unknown UPOS tag: CCONJ
[Tree number 15 on line 146]: Non-tree structure. Words 1,2,3,4,5,6,7,8,9 are not reachable from the root 0.
[Tree number 16 on line 156]: Non-tree structure. Words 1,2,5,6,9 are not reachable from the root 0.
[Tree number 17 on line 166]: Non-tree structure. Words 1,2,3,4,5,6 are not reachable from the root 0.
[Line                   179]: Unknown UPOS tag: CCONJ
[Tree number 18 on line 173]: Non-tree structure. Words 1,2,3,4,5,6,7,8,9,10,11,12,13,14,15 are not reachable from the root 0.
[Line                   190]: Unknown UPOS tag: CCONJ
[Tree number 19 on line 189]: Non-tree structure. Words 2,6 are not reachable from the root 0.
...suppressing further errors regarding Syntax
[Line                   227]: Unknown UPOS tag: CCONJ
[Line                   242]: Unknown UPOS tag: CCONJ
[Line                   246]: Unknown UPOS tag: CCONJ
[Line                   254]: Unknown UPOS tag: CCONJ
[Line                   260]: Unknown UPOS tag: CCONJ
[Line                   270]: Unknown UPOS tag: CCONJ
[Line                   392]: Unknown UPOS tag: CCONJ
[Line                   499]: Unknown UPOS tag: CCONJ
[Line                   503]: Unknown UPOS tag: CCONJ
[Line                   514]: Unknown UPOS tag: CCONJ
[Line                   525]: Unknown UPOS tag: CCONJ
...suppressing further errors regarding Morpho
*** FAILED *** with 10878 errors
Format errors: 9071
Morpho errors: 388
Syntax errors: 1419


******************


</pre>
</div>
<div>
<span class="doublewidespan" style="padding-left:3em">UD Finnish</span>
<span class="widespan">fi</span>
<span class="validationfail">FAIL</span>
<span class="doublewidespan"> <time class="timeago" datetime="2016-11-30T21:47:09Z">2016-11-30T21:47:09 zulu</time></span>
</div>
<div>
<pre>
python /home/ginter/UD_PROJHOOK/tools/validate.py --lang fi /home/ginter/UD_PROJHOOK/UD-dev-branches/UD_Finnish/fi-ud-dev.conllu

[Line                   815]: Unknown attribute-value pair Foreign=Foreign
[Line                   816]: Unknown attribute-value pair Foreign=Foreign
[Line                   817]: Unknown attribute-value pair Foreign=Foreign
[Line                   836]: Unknown attribute-value pair Foreign=Foreign
[Line                   838]: Unknown attribute-value pair Foreign=Foreign
[Line                   839]: Unknown attribute-value pair Foreign=Foreign
[Line                   840]: Unknown attribute-value pair Foreign=Foreign
[Line                   886]: Unknown attribute-value pair Foreign=Foreign
[Line                   887]: Unknown attribute-value pair Foreign=Foreign
[Line                   997]: Unknown attribute-value pair Foreign=Foreign
[Line                   1025]: Unknown attribute-value pair Foreign=Foreign
[Line                   1103]: Unknown attribute-value pair Foreign=Foreign
[Line                   1199]: Unknown attribute-value pair Foreign=Foreign
[Line                   1208]: Unknown attribute-value pair Foreign=Foreign
[Line                   1338]: Unknown attribute-value pair Foreign=Foreign
[Line                   1393]: Unknown attribute-value pair Foreign=Foreign
[Line                   1471]: Unknown attribute-value pair Foreign=Foreign
[Line                   1484]: Unknown attribute-value pair Foreign=Foreign
[Line                   1485]: Unknown attribute-value pair Foreign=Foreign
...suppressing further errors regarding Morpho
*** FAILED *** with 41 errors
Morpho errors: 41


******************

python /home/ginter/UD_PROJHOOK/tools/validate.py --lang fi /home/ginter/UD_PROJHOOK/UD-dev-branches/UD_Finnish/fi-ud-test.conllu

[Line                   212]: Unknown attribute-value pair Foreign=Foreign
[Line                   214]: Unknown attribute-value pair Foreign=Foreign
[Line                   2803]: Unknown attribute-value pair Foreign=Foreign
[Line                   2810]: Unknown attribute-value pair Foreign=Foreign
[Line                   3075]: Unknown attribute-value pair Foreign=Foreign
[Line                   3076]: Unknown attribute-value pair Foreign=Foreign
[Line                   6728]: Unknown attribute-value pair Foreign=Foreign
[Line                   8541]: Unknown attribute-value pair Foreign=Foreign
[Line                   8602]: Unknown attribute-value pair Foreign=Foreign
[Line                   8603]: Unknown attribute-value pair Foreign=Foreign
[Line                   8604]: Unknown attribute-value pair Foreign=Foreign
[Line                   8610]: Unknown attribute-value pair Foreign=Foreign
[Line                   8611]: Unknown attribute-value pair Foreign=Foreign
[Line                   8613]: Unknown attribute-value pair Foreign=Foreign
[Line                   8617]: Unknown attribute-value pair Foreign=Foreign
[Line                   8620]: Unknown attribute-value pair Foreign=Foreign
[Line                   8714]: Unknown attribute-value pair Foreign=Foreign
[Line                   8723]: Unknown attribute-value pair Foreign=Foreign
[Line                   8798]: Unknown attribute-value pair Foreign=Foreign
...suppressing further errors regarding Morpho
*** FAILED *** with 25 errors
Morpho errors: 25


******************

python /home/ginter/UD_PROJHOOK/tools/validate.py --lang fi /home/ginter/UD_PROJHOOK/UD-dev-branches/UD_Finnish/fi-ud-train.conllu

[Line                   428]: Unknown attribute-value pair Foreign=Foreign
[Line                   429]: Unknown attribute-value pair Foreign=Foreign
[Line                   432]: Unknown attribute-value pair Foreign=Foreign
[Line                   2326]: Unknown attribute-value pair Foreign=Foreign
[Line                   2327]: Unknown attribute-value pair Foreign=Foreign
[Line                   2852]: Unknown attribute-value pair Foreign=Foreign
[Line                   2853]: Unknown attribute-value pair Foreign=Foreign
[Line                   3598]: Unknown attribute-value pair Foreign=Foreign
[Line                   3599]: Unknown attribute-value pair Foreign=Foreign
[Line                   8358]: Unknown attribute-value pair Foreign=Foreign
[Line                   8359]: Unknown attribute-value pair Foreign=Foreign
[Line                   8373]: Unknown attribute-value pair Foreign=Foreign
[Line                   8374]: Unknown attribute-value pair Foreign=Foreign
[Line                   8659]: Unknown attribute-value pair Foreign=Foreign
[Line                   8765]: Unknown attribute-value pair Foreign=Foreign
[Line                   8848]: Unknown attribute-value pair Foreign=Foreign
[Line                   8850]: Unknown attribute-value pair Foreign=Foreign
[Line                   8852]: Unknown attribute-value pair Foreign=Foreign
[Line                   8855]: Unknown attribute-value pair Foreign=Foreign
...suppressing further errors regarding Morpho
*** FAILED *** with 210 errors
Morpho errors: 210


******************


</pre>
</div>
<div>
<span class="doublewidespan" style="padding-left:3em">UD Finnish-FTB</span>
<span class="widespan">fi ftb</span>
<span class="validationpass">PASS</span>
<span class="doublewidespan"> <time class="timeago" datetime="2016-11-30T21:47:19Z">2016-11-30T21:47:19 zulu</time></span>
</div>
<div>
<pre>
python /home/ginter/UD_PROJHOOK/tools/validate.py --lang fi_ftb /home/ginter/UD_PROJHOOK/UD-dev-branches/UD_Finnish-FTB/fi_ftb-ud-dev.conllu

*** PASSED ***


******************

python /home/ginter/UD_PROJHOOK/tools/validate.py --lang fi_ftb /home/ginter/UD_PROJHOOK/UD-dev-branches/UD_Finnish-FTB/fi_ftb-ud-test.conllu

*** PASSED ***


******************

python /home/ginter/UD_PROJHOOK/tools/validate.py --lang fi_ftb /home/ginter/UD_PROJHOOK/UD-dev-branches/UD_Finnish-FTB/fi_ftb-ud-train.conllu

*** PASSED ***


******************


</pre>
</div>
<div>
<span class="doublewidespan" style="padding-left:3em">UD French</span>
<span class="widespan">fr</span>
<span class="validationpass">PASS</span>
<span class="doublewidespan"> <time class="timeago" datetime="2016-11-14T21:59:16Z">2016-11-14T21:59:16 zulu</time></span>
</div>
<div>
<pre>
python tools/validate.py --lang fr UD-dev-branches/UD_French/fr-ud-dev.conllu

*** PASSED ***


******************

python tools/validate.py --lang fr UD-dev-branches/UD_French/fr-ud-test.conllu

*** PASSED ***


******************

python tools/validate.py --lang fr UD-dev-branches/UD_French/fr-ud-train.conllu

*** PASSED ***


******************


</pre>
</div>
<div>
<span class="doublewidespan" style="padding-left:3em">UD Galician</span>
<span class="widespan">gl</span>
<span class="validationpass">PASS</span>
<span class="doublewidespan"> <time class="timeago" datetime="2016-11-12T20:59:34Z">2016-11-12T20:59:34 zulu</time></span>
</div>
<div>
<pre>
python tools/validate.py --lang gl UD-dev-branches/UD_Galician/gl-ud-dev.conllu

*** PASSED ***


******************

python tools/validate.py --lang gl UD-dev-branches/UD_Galician/gl-ud-test.conllu

*** PASSED ***


******************

python tools/validate.py --lang gl UD-dev-branches/UD_Galician/gl-ud-train.conllu

*** PASSED ***


******************


</pre>
</div>
<div>
<span class="doublewidespan" style="padding-left:3em">UD Galician-TreeGal</span>
<span class="widespan">gl treegal</span>
<span class="validationfail">FAIL</span>
<span class="doublewidespan"> <time class="timeago" datetime="2016-11-30T16:24:26Z">2016-11-30T16:24:26 zulu</time></span>
</div>
<div>
<pre>
python /home/ginter/UD_PROJHOOK/tools/validate.py --lang gl_treegal /home/ginter/UD_PROJHOOK/UD-dev-branches/UD_Galician-TreeGal/gl_treegal-ud-dev.conllu

[Line                   76]: Unknown attribute-value pair PronType=Clit
[Line                   136]: Unknown attribute-value pair PronType=Clit
[Line                   250]: Unknown attribute-value pair PronType=Clit
[Line                   270]: Unknown attribute-value pair PronType=Clit
[Line                   323]: Unknown attribute-value pair PronType=Clit
[Line                   398]: Unknown attribute-value pair PronType=Clit
[Line                   442]: Unknown attribute-value pair PronType=Clit
[Line                   460]: Unknown attribute-value pair PronType=Clit
[Line                   461]: Unknown attribute-value pair PronType=Clit
[Line                   529]: Unknown attribute-value pair PronType=Clit
[Line                   532]: Unknown attribute-value pair PronType=Clit
[Line                   550]: Unknown attribute-value pair PronType=Clit
[Line                   625]: Unknown attribute-value pair PronType=Clit
[Line                   642]: Unknown attribute-value pair PronType=Clit
[Line                   661]: Unknown attribute-value pair PronType=Clit
[Line                   669]: Unknown attribute-value pair PronType=Clit
[Line                   678]: Unknown attribute-value pair PronType=Clit
[Line                   682]: Unknown attribute-value pair PronType=Clit
[Line                   722]: Unknown attribute-value pair PronType=Clit
...suppressing further errors regarding Morpho
*** FAILED *** with 61 errors
Morpho errors: 61


******************

python /home/ginter/UD_PROJHOOK/tools/validate.py --lang gl_treegal /home/ginter/UD_PROJHOOK/UD-dev-branches/UD_Galician-TreeGal/gl_treegal-ud-test.conllu

[Line                   5]: Unknown attribute-value pair PronType=Clit
[Line                   46]: Unknown attribute-value pair PronType=Clit
[Line                   84]: Unknown attribute-value pair PronType=Clit
[Line                   240]: Unknown attribute-value pair PronType=Clit
[Line                   323]: Unknown attribute-value pair PronType=Clit
[Line                   386]: Unknown attribute-value pair PronType=Clit
[Line                   464]: Unknown attribute-value pair PronType=Clit
[Line                   470]: Unknown attribute-value pair PronType=Clit
[Line                   479]: Unknown attribute-value pair PronType=Clit
[Line                   499]: Unknown attribute-value pair PronType=Clit
[Line                   545]: Unknown attribute-value pair PronType=Clit
[Line                   584]: Unknown attribute-value pair PronType=Clit
[Line                   603]: Unknown attribute-value pair PronType=Clit
[Line                   648]: Unknown attribute-value pair PronType=Clit
[Line                   662]: Unknown attribute-value pair PronType=Clit
[Line                   699]: Unknown attribute-value pair PronType=Clit
[Line                   702]: Unknown attribute-value pair PronType=Clit
[Line                   802]: Unknown attribute-value pair PronType=Clit
[Line                   863]: Unknown attribute-value pair PronType=Clit
...suppressing further errors regarding Morpho
*** FAILED *** with 54 errors
Morpho errors: 54


******************

python /home/ginter/UD_PROJHOOK/tools/validate.py --lang gl_treegal /home/ginter/UD_PROJHOOK/UD-dev-branches/UD_Galician-TreeGal/gl_treegal-ud-train.conllu

[Line                   164]: Unknown attribute-value pair PronType=Clit
[Line                   188]: Unknown attribute-value pair PronType=Clit
[Line                   319]: Unknown attribute-value pair PronType=Clit
[Line                   327]: Unknown attribute-value pair PronType=Clit
[Line                   350]: Unknown attribute-value pair PronType=Clit
[Line                   418]: Unknown attribute-value pair PronType=Clit
[Line                   574]: Unknown attribute-value pair PronType=Clit
[Line                   580]: Unknown attribute-value pair PronType=Clit
[Line                   654]: Unknown attribute-value pair PronType=Clit
[Line                   673]: Unknown attribute-value pair PronType=Clit
[Line                   765]: Unknown attribute-value pair PronType=Clit
[Line                   775]: Unknown attribute-value pair PronType=Clit
[Line                   968]: Unknown attribute-value pair PronType=Clit
[Line                   980]: Unknown attribute-value pair PronType=Clit
[Line                   1009]: Unknown attribute-value pair PronType=Clit
[Line                   1172]: Unknown attribute-value pair PronType=Clit
[Line                   1191]: Unknown attribute-value pair PronType=Clit
[Line                   1362]: Unknown attribute-value pair PronType=Clit
[Line                   1474]: Unknown attribute-value pair PronType=Clit
...suppressing further errors regarding Morpho
*** FAILED *** with 354 errors
Morpho errors: 354


******************


</pre>
</div>
<div>
<span class="doublewidespan" style="padding-left:3em">UD German</span>
<span class="widespan">de</span>
<span class="validationfail">FAIL</span>
<span class="doublewidespan"> <time class="timeago" datetime="2016-12-01T01:37:59Z">2016-12-01T01:37:59 zulu</time></span>
</div>
<div>
<pre>
python /home/ginter/UD_PROJHOOK/tools/validate.py --lang de /home/ginter/UD_PROJHOOK/UD-dev-branches/UD_German/de-ud-dev.conllu

[Line                   325]: Unknown attribute-value pair Polite=Pol
[Line                   839]: Unknown attribute-value pair Polite=Pol
[Line                   2974]: Unknown attribute-value pair Polite=Inf
[Line                   3098]: Unknown attribute-value pair Polite=Inf
[Line                   3157]: Unknown attribute-value pair Polite=Inf
[Line                   3162]: Unknown attribute-value pair Polite=Inf
[Line                   3204]: Unknown attribute-value pair Polite=Inf
[Line                   3212]: Unknown attribute-value pair Polite=Inf
[Line                   4311]: Unknown attribute-value pair Polite=Pol
[Line                   4952]: Unknown attribute-value pair Polite=Pol
[Line                   5381]: Unknown attribute-value pair Polite=Pol
[Line                   6667]: Unknown attribute-value pair Polite=Pol
[Line                   6924]: Unknown attribute-value pair Polite=Pol
[Line                   7176]: Unknown attribute-value pair Polite=Pol
[Line                   8532]: Unknown attribute-value pair Polite=Inf
[Line                   9775]: Unknown attribute-value pair Polite=Pol
[Line                   11485]: Unknown attribute-value pair Polite=Inf
[Line                   12336]: Unknown attribute-value pair Polite=Pol
*** FAILED *** with 18 errors
Morpho errors: 18


******************

python /home/ginter/UD_PROJHOOK/tools/validate.py --lang de /home/ginter/UD_PROJHOOK/UD-dev-branches/UD_German/de-ud-test.conllu

[Line                   72]: Unknown attribute-value pair Polite=Pol
[Line                   1019]: Unknown attribute-value pair Foreign=Foreign
[Line                   2468]: Unknown attribute-value pair Polite=Inf
[Line                   2808]: Unknown attribute-value pair Polite=Pol
[Line                   3116]: Unknown attribute-value pair Polite=Pol
[Line                   3286]: Unknown attribute-value pair Polite=Inf
[Line                   4199]: Unknown attribute-value pair Polite=Pol
[Line                   4215]: Unknown attribute-value pair Polite=Pol
[Line                   4229]: Unknown attribute-value pair Polite=Pol
[Line                   4363]: Unknown attribute-value pair Polite=Pol
[Line                   4758]: Unknown attribute-value pair Polite=Inf
[Line                   9462]: Unknown attribute-value pair Polite=Pol
[Line                   9465]: Unknown attribute-value pair Polite=Pol
[Line                   9484]: Unknown attribute-value pair Polite=Pol
[Line                   10609]: Unknown attribute-value pair Polite=Inf
[Line                   10613]: Unknown attribute-value pair Polite=Inf
[Line                   10776]: Unknown attribute-value pair Polite=Inf
[Line                   11614]: Unknown attribute-value pair Polite=Inf
[Line                   11618]: Unknown attribute-value pair Polite=Inf
...suppressing further errors regarding Morpho
*** FAILED *** with 28 errors
Morpho errors: 28


******************

python /home/ginter/UD_PROJHOOK/tools/validate.py --lang de /home/ginter/UD_PROJHOOK/UD-dev-branches/UD_German/de-ud-train.conllu

[Line                   1798]: Unknown attribute-value pair Polite=Pol
[Line                   1805]: Unknown attribute-value pair Polite=Pol
[Line                   1832]: Unknown attribute-value pair Polite=Pol
[Line                   1883]: Unknown attribute-value pair Polite=Pol
[Line                   2804]: Unknown attribute-value pair Polite=Pol
[Line                   3036]: Unknown attribute-value pair Polite=Pol
[Line                   3289]: Unknown attribute-value pair Polite=Inf
[Line                   3291]: Unknown attribute-value pair Polite=Inf
[Line                   4199]: Unknown attribute-value pair Polite=Pol
[Line                   5816]: Unknown attribute-value pair Polite=Pol
[Line                   5830]: Unknown attribute-value pair Polite=Pol
[Line                   5849]: Unknown attribute-value pair Polite=Inf
[Line                   7025]: Unknown attribute-value pair Polite=Pol
[Line                   7083]: Unknown attribute-value pair Polite=Pol
[Line                   7619]: Unknown attribute-value pair Polite=Inf
[Line                   7900]: Unknown attribute-value pair Polite=Pol
[Line                   9158]: Unknown attribute-value pair Polite=Inf
[Line                   9607]: Unknown attribute-value pair Polite=Pol
[Line                   9994]: Unknown attribute-value pair Polite=Pol
...suppressing further errors regarding Morpho
*** FAILED *** with 429 errors
Morpho errors: 429


******************


</pre>
</div>
<div>
<span class="doublewidespan" style="padding-left:3em">UD Gothic</span>
<span class="widespan">got</span>
<span class="validationpass">PASS</span>
<span class="doublewidespan"> <time class="timeago" datetime="2016-09-19T07:51:13Z">2016-09-19T07:51:13 zulu</time></span>
</div>
<div>
<pre>
python tools/validate.py --lang got UD-dev-branches/UD_Gothic/got-ud-dev.conllu

*** PASSED ***


******************

python tools/validate.py --lang got UD-dev-branches/UD_Gothic/got-ud-test.conllu

*** PASSED ***


******************

python tools/validate.py --lang got UD-dev-branches/UD_Gothic/got-ud-train.conllu

*** PASSED ***


******************


</pre>
</div>
<div>
<span class="doublewidespan" style="padding-left:3em">UD Greek</span>
<span class="widespan">el</span>
<span class="validationpass">PASS</span>
<span class="doublewidespan"> <time class="timeago" datetime="2016-11-14T22:00:29Z">2016-11-14T22:00:29 zulu</time></span>
</div>
<div>
<pre>
python tools/validate.py --lang el UD-dev-branches/UD_Greek/el-ud-dev.conllu

*** PASSED ***


******************

python tools/validate.py --lang el UD-dev-branches/UD_Greek/el-ud-test.conllu

*** PASSED ***


******************

python tools/validate.py --lang el UD-dev-branches/UD_Greek/el-ud-train.conllu

*** PASSED ***


******************


</pre>
</div>
<div>
<span class="doublewidespan" style="padding-left:3em">UD Hebrew</span>
<span class="widespan">he</span>
<span class="validationpass">PASS</span>
<span class="doublewidespan"> <time class="timeago" datetime="2016-09-19T07:52:05Z">2016-09-19T07:52:05 zulu</time></span>
</div>
<div>
<pre>
python tools/validate.py --lang he UD-dev-branches/UD_Hebrew/he-ud-dev.conllu

*** PASSED ***


******************

python tools/validate.py --lang he UD-dev-branches/UD_Hebrew/he-ud-test.conllu

*** PASSED ***


******************

python tools/validate.py --lang he UD-dev-branches/UD_Hebrew/he-ud-train.conllu

*** PASSED ***


******************


</pre>
</div>
<div>
<span class="doublewidespan" style="padding-left:3em">UD Hindi</span>
<span class="widespan">hi</span>
<span class="validationfail">FAIL</span>
<span class="doublewidespan"> <time class="timeago" datetime="2016-12-01T01:38:12Z">2016-12-01T01:38:12 zulu</time></span>
</div>
<div>
<pre>
python /home/ginter/UD_PROJHOOK/tools/validate.py --lang hi /home/ginter/UD_PROJHOOK/UD-dev-branches/UD_Hindi/hi-ud-dev.conllu

[Line                   134]: Unknown attribute-value pair Polite=Pol
[Line                   149]: Unknown attribute-value pair Polite=Pol
[Line                   374]: Unknown attribute-value pair Polite=Pol
[Line                   444]: Unknown attribute-value pair Polite=Pol
[Line                   457]: Unknown attribute-value pair Polite=Pol
[Line                   704]: Unknown attribute-value pair Polite=Pol
[Line                   806]: Unknown attribute-value pair Polite=Pol
[Line                   1435]: Unknown attribute-value pair VerbForm=Trans
[Line                   1537]: Unknown attribute-value pair VerbForm=Trans
[Line                   1583]: Unknown attribute-value pair VerbForm=Trans
[Line                   1778]: Unknown attribute-value pair Polite=Pol
[Line                   1818]: Unknown attribute-value pair Polite=Pol
[Line                   1874]: Unknown attribute-value pair Polite=Pol
[Line                   1889]: Unknown attribute-value pair Polite=Pol
[Line                   1909]: Unknown attribute-value pair Polite=Pol
[Line                   1922]: Unknown attribute-value pair Polite=Pol
[Line                   1926]: Unknown attribute-value pair Negative=Neg
[Line                   1943]: Unknown attribute-value pair Polite=Pol
[Line                   1952]: Unknown attribute-value pair Polite=Pol
...suppressing further errors regarding Morpho
*** FAILED *** with 962 errors
Morpho errors: 962


******************

python /home/ginter/UD_PROJHOOK/tools/validate.py --lang hi /home/ginter/UD_PROJHOOK/UD-dev-branches/UD_Hindi/hi-ud-test.conllu

[Line                   126]: Unknown attribute-value pair Negative=Neg
[Line                   412]: Unknown attribute-value pair Polite=Pol
[Line                   577]: Unknown attribute-value pair Polite=Pol
[Line                   615]: Unknown attribute-value pair VerbForm=Trans
[Line                   626]: Unknown attribute-value pair VerbForm=Trans
[Line                   660]: Unknown attribute-value pair Polite=Pol
[Line                   1044]: Unknown attribute-value pair Polite=Pol
[Line                   1068]: Unknown attribute-value pair Polite=Pol
[Line                   1069]: Unknown attribute-value pair Polite=Pol
[Line                   1129]: Unknown attribute-value pair Polite=Pol
[Line                   1226]: Unknown attribute-value pair Polite=Pol
[Line                   1227]: Unknown attribute-value pair Polite=Pol
[Line                   1323]: Unknown attribute-value pair Polite=Pol
[Line                   1343]: Unknown attribute-value pair Polite=Pol
[Line                   1345]: Unknown attribute-value pair Polite=Pol
[Line                   1350]: Unknown attribute-value pair Polite=Pol
[Line                   1351]: Unknown attribute-value pair Polite=Pol
[Line                   1355]: Unknown attribute-value pair Polite=Pol
[Line                   1450]: Unknown attribute-value pair Polite=Pol
...suppressing further errors regarding Morpho
*** FAILED *** with 929 errors
Morpho errors: 929


******************

python /home/ginter/UD_PROJHOOK/tools/validate.py --lang hi /home/ginter/UD_PROJHOOK/UD-dev-branches/UD_Hindi/hi-ud-train.conllu

[Line                   98]: Unknown attribute-value pair Polite=Pol
[Line                   359]: Unknown attribute-value pair VerbForm=Trans
[Line                   417]: Unknown attribute-value pair VerbForm=Trans
[Line                   459]: Unknown attribute-value pair Polite=Pol
[Line                   471]: Unknown attribute-value pair Polite=Pol
[Line                   472]: Unknown attribute-value pair Polite=Pol
[Line                   473]: Unknown attribute-value pair Polite=Pol
[Line                   480]: Unknown attribute-value pair VerbForm=Trans
[Line                   540]: Unknown attribute-value pair VerbForm=Trans
[Line                   589]: Unknown attribute-value pair Polite=Pol
[Line                   609]: Unknown attribute-value pair Polite=Pol
[Line                   610]: Unknown attribute-value pair Polite=Pol
[Line                   702]: Unknown attribute-value pair VerbForm=Trans
[Line                   762]: Unknown attribute-value pair Polite=Pol
[Line                   764]: Unknown attribute-value pair Polite=Pol
[Line                   765]: Unknown attribute-value pair Polite=Pol
[Line                   766]: Unknown attribute-value pair Polite=Pol
[Line                   817]: Unknown attribute-value pair Negative=Neg
[Line                   861]: Unknown attribute-value pair Polite=Pol
...suppressing further errors regarding Morpho
*** FAILED *** with 7759 errors
Morpho errors: 7759


******************


</pre>
</div>
<div>
<span class="doublewidespan" style="padding-left:3em">UD Hungarian</span>
<span class="widespan">hu</span>
<span class="validationfail">FAIL</span>
<span class="doublewidespan"> <time class="timeago" datetime="2016-12-01T00:51:54Z">2016-12-01T00:51:54 zulu</time></span>
</div>
<div>
<pre>
python /home/ginter/UD_PROJHOOK/tools/validate.py --lang hu /home/ginter/UD_PROJHOOK/UD-dev-branches/UD_Hungarian/hu-ud-dev.conllu

[Line                   755]: Unknown attribute-value pair VerbForm=Trans
[Line                   921]: Unknown attribute-value pair VerbForm=Trans
[Line                   1271]: Unknown attribute-value pair VerbForm=Trans
[Line                   1672]: Unknown attribute-value pair VerbForm=Trans
[Line                   2419]: Unknown attribute-value pair VerbForm=Trans
[Line                   2848]: Unknown attribute-value pair VerbForm=Trans
[Line                   3418]: Unknown attribute-value pair VerbForm=Trans
[Line                   3501]: Unknown attribute-value pair VerbForm=Trans
[Line                   4364]: Unknown attribute-value pair VerbForm=Trans
[Line                   4466]: Unknown attribute-value pair VerbForm=Trans
[Line                   4708]: Unknown attribute-value pair VerbForm=Trans
[Line                   4788]: Unknown attribute-value pair Aspect=Freq
*** FAILED *** with 12 errors
Morpho errors: 12


******************

python /home/ginter/UD_PROJHOOK/tools/validate.py --lang hu /home/ginter/UD_PROJHOOK/UD-dev-branches/UD_Hungarian/hu-ud-test.conllu

[Line                   80]: Unknown attribute-value pair VerbForm=Trans
[Line                   611]: Unknown attribute-value pair VerbForm=Trans
[Line                   1979]: Unknown attribute-value pair Aspect=Freq
[Line                   2214]: Unknown attribute-value pair VerbForm=Trans
[Line                   2867]: Unknown attribute-value pair VerbForm=Trans
[Line                   3397]: Unknown attribute-value pair VerbForm=Trans
[Line                   4037]: Unknown attribute-value pair VerbForm=Trans
[Line                   4390]: Unknown attribute-value pair VerbForm=Trans
*** FAILED *** with 8 errors
Morpho errors: 8


******************

python /home/ginter/UD_PROJHOOK/tools/validate.py --lang hu /home/ginter/UD_PROJHOOK/UD-dev-branches/UD_Hungarian/hu-ud-train.conllu

[Line                   532]: Unknown attribute-value pair VerbForm=Trans
[Line                   547]: Unknown attribute-value pair VerbForm=Trans
[Line                   950]: Unknown attribute-value pair VerbForm=Trans
[Line                   1115]: Unknown attribute-value pair VerbForm=Trans
[Line                   1798]: Unknown attribute-value pair VerbForm=Trans
[Line                   2444]: Unknown attribute-value pair VerbForm=Trans
[Line                   3099]: Unknown attribute-value pair VerbForm=Trans
[Line                   3150]: Unknown attribute-value pair VerbForm=Trans
[Line                   3672]: Unknown attribute-value pair VerbForm=Trans
[Line                   5432]: Unknown attribute-value pair VerbForm=Trans
[Line                   5587]: Unknown attribute-value pair Aspect=Freq
[Line                   5591]: Unknown attribute-value pair Aspect=Freq
[Line                   5652]: Unknown attribute-value pair VerbForm=Trans
[Line                   7044]: Unknown attribute-value pair VerbForm=Trans
[Line                   7137]: Unknown attribute-value pair VerbForm=Trans
[Line                   7444]: Unknown attribute-value pair VerbForm=Trans
[Line                   7449]: Unknown attribute-value pair VerbForm=Trans
[Line                   7565]: Unknown attribute-value pair Aspect=Freq
[Line                   7710]: Unknown attribute-value pair VerbForm=Trans
...suppressing further errors regarding Morpho
*** FAILED *** with 73 errors
Morpho errors: 73


******************


</pre>
</div>
<div>
<span class="doublewidespan" style="padding-left:3em">UD Indonesian</span>
<span class="widespan">id</span>
<span class="validationpass">PASS</span>
<span class="doublewidespan"> <time class="timeago" datetime="2016-09-19T07:54:03Z">2016-09-19T07:54:03 zulu</time></span>
</div>
<div>
<pre>
python tools/validate.py --lang id UD-dev-branches/UD_Indonesian/id-ud-dev.conllu

*** PASSED ***


******************

python tools/validate.py --lang id UD-dev-branches/UD_Indonesian/id-ud-test.conllu

*** PASSED ***


******************

python tools/validate.py --lang id UD-dev-branches/UD_Indonesian/id-ud-train.conllu

*** PASSED ***


******************


</pre>
</div>
<div>
<span class="doublewidespan" style="padding-left:3em">UD Irish</span>
<span class="widespan">ga</span>
<span class="validationpass">PASS</span>
<span class="doublewidespan"> <time class="timeago" datetime="2016-09-19T07:54:21Z">2016-09-19T07:54:21 zulu</time></span>
</div>
<div>
<pre>
python tools/validate.py --lang ga UD-dev-branches/UD_Irish/ga-ud-dev.conllu

*** PASSED ***


******************

python tools/validate.py --lang ga UD-dev-branches/UD_Irish/ga-ud-test.conllu

*** PASSED ***


******************

python tools/validate.py --lang ga UD-dev-branches/UD_Irish/ga-ud-train.conllu

*** PASSED ***


******************


</pre>
</div>
<div>
<span class="doublewidespan" style="padding-left:3em">UD Italian</span>
<span class="widespan">it</span>
<span class="validationfail">FAIL</span>
<span class="doublewidespan"> <time class="timeago" datetime="2016-11-30T16:24:27Z">2016-11-30T16:24:27 zulu</time></span>
</div>
<div>
<pre>
python /home/ginter/UD_PROJHOOK/tools/validate.py --lang it /home/ginter/UD_PROJHOOK/UD-dev-branches/UD_Italian/it-ud-dev.conllu

[Line                   31]: Unknown attribute-value pair PronType=Predet
[Line                   77]: Unknown attribute-value pair PronType=Clit
[Line                   138]: Unknown attribute-value pair PronType=Clit
[Line                   181]: Unknown attribute-value pair PronType=Clit
[Line                   267]: Unknown attribute-value pair PronType=Clit
[Line                   369]: Unknown attribute-value pair PronType=Clit
[Line                   457]: Unknown attribute-value pair PronType=Predet
[Line                   505]: Unknown attribute-value pair PronType=Clit
[Line                   525]: Unknown attribute-value pair PronType=Clit
[Line                   669]: Unknown attribute-value pair PronType=Clit
[Line                   727]: Unknown attribute-value pair PronType=Clit
[Line                   769]: Unknown attribute-value pair PronType=Clit
[Line                   811]: Unknown attribute-value pair PronType=Clit
[Line                   822]: Unknown attribute-value pair PronType=Clit
[Line                   853]: Unknown attribute-value pair PronType=Clit
[Line                   854]: Unknown attribute-value pair PronType=Clit
[Line                   884]: Unknown attribute-value pair PronType=Clit
[Line                   908]: Unknown attribute-value pair PronType=Clit
[Line                   911]: Unknown attribute-value pair PronType=Clit
...suppressing further errors regarding Morpho
*** FAILED *** with 181 errors
Morpho errors: 181


******************

python /home/ginter/UD_PROJHOOK/tools/validate.py --lang it /home/ginter/UD_PROJHOOK/UD-dev-branches/UD_Italian/it-ud-test.conllu

[Line                   38]: Unknown attribute-value pair PronType=Clit
[Line                   209]: Unknown attribute-value pair PronType=Clit
[Line                   319]: Unknown attribute-value pair PronType=Clit
[Line                   327]: Unknown attribute-value pair PronType=Clit
[Line                   335]: Unknown attribute-value pair PronType=Clit
[Line                   336]: Unknown attribute-value pair PronType=Clit
[Line                   414]: Unknown attribute-value pair PronType=Clit
[Line                   462]: Unknown attribute-value pair PronType=Clit
[Line                   485]: Unknown attribute-value pair PronType=Clit
[Line                   667]: Unknown attribute-value pair PronType=Clit
[Line                   673]: Unknown attribute-value pair PronType=Clit
[Line                   703]: Unknown attribute-value pair PronType=Clit
[Line                   704]: Unknown attribute-value pair PronType=Clit
[Line                   708]: Unknown attribute-value pair PronType=Predet
[Line                   787]: Unknown attribute-value pair PronType=Clit
[Line                   801]: Unknown attribute-value pair PronType=Clit
[Line                   847]: Unknown attribute-value pair PronType=Clit
[Line                   865]: Unknown attribute-value pair PronType=Clit
[Line                   954]: Unknown attribute-value pair PronType=Clit
...suppressing further errors regarding Morpho
*** FAILED *** with 195 errors
Morpho errors: 195


******************

python /home/ginter/UD_PROJHOOK/tools/validate.py --lang it /home/ginter/UD_PROJHOOK/UD-dev-branches/UD_Italian/it-ud-train.conllu

[Line                   146]: Unknown attribute-value pair PronType=Clit
[Line                   358]: Unknown attribute-value pair PronType=Clit
[Line                   437]: Unknown attribute-value pair PronType=Clit
[Line                   508]: Unknown attribute-value pair PronType=Predet
[Line                   577]: Unknown attribute-value pair PronType=Clit
[Line                   590]: Unknown attribute-value pair PronType=Clit
[Line                   607]: Unknown attribute-value pair PronType=Clit
[Line                   657]: Unknown attribute-value pair PronType=Predet
[Line                   821]: Unknown attribute-value pair PronType=Clit
[Line                   954]: Unknown attribute-value pair PronType=Clit
[Line                   1114]: Unknown attribute-value pair PronType=Clit
[Line                   1198]: Unknown attribute-value pair PronType=Clit
[Line                   1628]: Unknown attribute-value pair PronType=Predet
[Line                   1668]: Unknown attribute-value pair PronType=Clit
[Line                   1707]: Unknown attribute-value pair PronType=Clit
[Line                   1779]: Unknown attribute-value pair PronType=Clit
[Line                   2040]: Unknown attribute-value pair PronType=Clit
[Line                   2094]: Unknown attribute-value pair PronType=Clit
[Line                   2158]: Unknown attribute-value pair PronType=Clit
...suppressing further errors regarding Morpho
*** FAILED *** with 4673 errors
Morpho errors: 4673


******************


</pre>
</div>
<div>
<span class="doublewidespan" style="padding-left:3em">UD Japanese</span>
<span class="widespan">ja</span>
<span class="validationpass">PASS</span>
<span class="doublewidespan"> <time class="timeago" datetime="2016-11-07T09:07:42Z">2016-11-07T09:07:42 zulu</time></span>
</div>
<div>
<pre>
python tools/validate.py --lang ja UD-dev-branches/UD_Japanese/ja-ud-dev.conllu

*** PASSED ***


******************

python tools/validate.py --lang ja UD-dev-branches/UD_Japanese/ja-ud-test.conllu

*** PASSED ***


******************

python tools/validate.py --lang ja UD-dev-branches/UD_Japanese/ja-ud-train.conllu

*** PASSED ***


******************


</pre>
</div>
<div>
<span class="doublewidespan" style="padding-left:3em">UD Japanese-KTC</span>
<span class="widespan">ja ktc</span>
<span class="validationpass">PASS</span>
<span class="doublewidespan"> <time class="timeago" datetime="2016-09-19T07:55:43Z">2016-09-19T07:55:43 zulu</time></span>
</div>
<div>
<pre>
python tools/validate.py --lang ja_ktc UD-dev-branches/UD_Japanese-KTC/ja_ktc-ud-dev.conllu

*** PASSED ***


******************

python tools/validate.py --lang ja_ktc UD-dev-branches/UD_Japanese-KTC/ja_ktc-ud-test.conllu

*** PASSED ***


******************

python tools/validate.py --lang ja_ktc UD-dev-branches/UD_Japanese-KTC/ja_ktc-ud-train.conllu

*** PASSED ***


******************


</pre>
</div>
<div>
<span class="doublewidespan" style="padding-left:3em">UD Kazakh</span>
<span class="widespan">kk</span>
<span class="validationfail">FAIL</span>
<span class="doublewidespan"> <time class="timeago" datetime="2016-12-01T01:17:12Z">2016-12-01T01:17:12 zulu</time></span>
</div>
<div>
<pre>
python /home/ginter/UD_PROJHOOK/tools/validate.py --lang kk /home/ginter/UD_PROJHOOK/UD-dev-branches/UD_Kazakh/kk-ud-dev.conllu

[Line                   651]: Unknown attribute-value pair PronType=Itg
[Line                   656]: Unknown attribute-value pair Mood=Imper
[Line                   663]: Unknown attribute-value pair PronType=Itg
[Line                   665]: Unknown attribute-value pair VerbForm=Coverb
[Line                   666]: Unknown attribute-value pair Tense=Prs
[Line                   670]: Unknown attribute-value pair VerbForm=Coverb
[Line                   689]: Unknown attribute-value pair VerbForm=Coverb
[Line                   699]: Unknown attribute-value pair VerbForm=Coverb
[Line                   708]: Unknown attribute-value pair Mood=Imper
[Line                   709]: Unknown attribute-value pair VerbForm=Trans
[Line                   715]: Unknown attribute-value pair Mood=Cond
[Line                   715]: Unknown attribute-value pair VerbForm=Trans
[Line                   719]: Unknown attribute-value pair Mood=Cond
[Line                   719]: Unknown attribute-value pair VerbForm=Trans
[Line                   722]: Unknown attribute-value pair Mood=Cond
[Line                   722]: Unknown attribute-value pair VerbForm=Trans
[Line                   725]: Unknown attribute-value pair Mood=Cond
[Line                   725]: Unknown attribute-value pair VerbForm=Trans
[Line                   777]: Unknown attribute-value pair PronType=Itg
...suppressing further errors regarding Morpho
*** FAILED *** with 22 errors
Morpho errors: 22


******************

python /home/ginter/UD_PROJHOOK/tools/validate.py --lang kk /home/ginter/UD_PROJHOOK/UD-dev-branches/UD_Kazakh/kk-ud-test.conllu

[Line                   649]: Unknown attribute-value pair Mood=Cond
[Line                   649]: Unknown attribute-value pair VerbForm=Trans
[Line                   654]: Unknown attribute-value pair Mood=Cond
[Line                   654]: Unknown attribute-value pair VerbForm=Trans
[Line                   657]: Unknown attribute-value pair PronType=Itg
[Line                   668]: Unknown attribute-value pair Aspect=Impf
[Line                   668]: Unknown attribute-value pair VerbForm=Coverb
[Line                   669]: Unknown attribute-value pair VerbForm=Trans
[Line                   671]: Unknown attribute-value pair Aspect=Impf
[Line                   671]: Unknown attribute-value pair VerbForm=Coverb
[Line                   683]: Unknown attribute-value pair PronType=Itg
[Line                   691]: Unknown attribute-value pair VerbForm=Trans
[Line                   700]: Unknown attribute-value pair VerbForm=Coverb
[Line                   701]: Unknown attribute-value pair Tense=Prs
[Line                   720]: Unknown attribute-value pair VerbForm=Trans
[Line                   727]: Unknown attribute-value pair Mood=Cond
[Line                   727]: Unknown attribute-value pair VerbForm=Trans
[Line                   730]: Unknown attribute-value pair Mood=Cond
[Line                   730]: Unknown attribute-value pair VerbForm=Trans
...suppressing further errors regarding Morpho
*** FAILED *** with 26 errors
Morpho errors: 26


******************

python /home/ginter/UD_PROJHOOK/tools/validate.py --lang kk /home/ginter/UD_PROJHOOK/UD-dev-branches/UD_Kazakh/kk-ud-train.conllu

[Line                   4729]: Unknown attribute-value pair PronType=Itg
[Line                   4779]: Unknown attribute-value pair Aspect=Impf
[Line                   4779]: Unknown attribute-value pair VerbForm=Coverb
[Line                   4780]: Unknown attribute-value pair Aspect=Impf
[Line                   4780]: Unknown attribute-value pair VerbForm=Trans
[Line                   4790]: Unknown attribute-value pair VerbForm=Trans
[Line                   4812]: Unknown attribute-value pair Mood=Imper
[Line                   4820]: Unknown attribute-value pair VerbForm=Coverb
[Line                   4827]: Unknown attribute-value pair PronType=Itg
[Line                   4831]: Unknown attribute-value pair PronType=Itg
[Line                   4861]: Unknown attribute-value pair VerbForm=Trans
[Line                   4863]: Unknown attribute-value pair VerbForm=Coverb
[Line                   4864]: Unknown attribute-value pair Aspect=Impf
[Line                   4864]: Unknown attribute-value pair VerbForm=Coverb
[Line                   4876]: Unknown attribute-value pair Mood=Imper
[Line                   4885]: Unknown attribute-value pair PronType=Itg
[Line                   4891]: Unknown attribute-value pair VerbForm=Trans
[Line                   4895]: Unknown attribute-value pair PronType=Itg
[Line                   4902]: Unknown attribute-value pair VerbForm=Trans
...suppressing further errors regarding Morpho
*** FAILED *** with 140 errors
Morpho errors: 140


******************


</pre>
</div>
<div>
<span class="doublewidespan" style="padding-left:3em">UD Korean</span>
<span class="widespan">ko</span>
<span class="validationfail">EMPTY</span>
<span class="doublewidespan"> <time class="timeago" datetime="2016-09-19T07:56:05Z">2016-09-19T07:56:05 zulu</time></span>
</div>
<div>
<pre>
No data
</pre>
</div>
<div>
<span class="doublewidespan" style="padding-left:3em">UD Kurmanji</span>
<span class="widespan">kmr</span>
<span class="validationfail">EMPTY</span>
<span class="doublewidespan"> <time class="timeago" datetime="2016-11-14T22:02:24Z">2016-11-14T22:02:24 zulu</time></span>
</div>
<div>
<pre>
No data
</pre>
</div>
<div>
<span class="doublewidespan" style="padding-left:3em">UD Latin</span>
<span class="widespan">la</span>
<span class="validationpass">PASS</span>
<span class="doublewidespan"> <time class="timeago" datetime="2016-12-01T00:06:45Z">2016-12-01T00:06:45 zulu</time></span>
</div>
<div>
<pre>
python /home/ginter/UD_PROJHOOK/tools/validate.py --lang la /home/ginter/UD_PROJHOOK/UD-dev-branches/UD_Latin/la-ud-dev.conllu

*** PASSED ***


******************

python /home/ginter/UD_PROJHOOK/tools/validate.py --lang la /home/ginter/UD_PROJHOOK/UD-dev-branches/UD_Latin/la-ud-test.conllu

*** PASSED ***


******************

python /home/ginter/UD_PROJHOOK/tools/validate.py --lang la /home/ginter/UD_PROJHOOK/UD-dev-branches/UD_Latin/la-ud-train.conllu

*** PASSED ***


******************


</pre>
</div>
<div>
<span class="doublewidespan" style="padding-left:3em">UD Latin-ITTB</span>
<span class="widespan">la ittb</span>
<span class="validationpass">PASS</span>
<span class="doublewidespan"> <time class="timeago" datetime="2016-12-01T00:06:48Z">2016-12-01T00:06:48 zulu</time></span>
</div>
<div>
<pre>
python /home/ginter/UD_PROJHOOK/tools/validate.py --lang la_ittb /home/ginter/UD_PROJHOOK/UD-dev-branches/UD_Latin-ITTB/la_ittb-ud-dev.conllu

*** PASSED ***


******************

python /home/ginter/UD_PROJHOOK/tools/validate.py --lang la_ittb /home/ginter/UD_PROJHOOK/UD-dev-branches/UD_Latin-ITTB/la_ittb-ud-test.conllu

*** PASSED ***


******************

python /home/ginter/UD_PROJHOOK/tools/validate.py --lang la_ittb /home/ginter/UD_PROJHOOK/UD-dev-branches/UD_Latin-ITTB/la_ittb-ud-train.conllu

*** PASSED ***


******************


</pre>
</div>
<div>
<span class="doublewidespan" style="padding-left:3em">UD Latin-PROIEL</span>
<span class="widespan">la proiel</span>
<span class="validationpass">PASS</span>
<span class="doublewidespan"> <time class="timeago" datetime="2016-12-01T00:07:04Z">2016-12-01T00:07:04 zulu</time></span>
</div>
<div>
<pre>
python /home/ginter/UD_PROJHOOK/tools/validate.py --lang la_proiel /home/ginter/UD_PROJHOOK/UD-dev-branches/UD_Latin-PROIEL/la_proiel-ud-dev.conllu

*** PASSED ***


******************

python /home/ginter/UD_PROJHOOK/tools/validate.py --lang la_proiel /home/ginter/UD_PROJHOOK/UD-dev-branches/UD_Latin-PROIEL/la_proiel-ud-test.conllu

*** PASSED ***


******************

python /home/ginter/UD_PROJHOOK/tools/validate.py --lang la_proiel /home/ginter/UD_PROJHOOK/UD-dev-branches/UD_Latin-PROIEL/la_proiel-ud-train.conllu

*** PASSED ***


******************


</pre>
</div>
<div>
<span class="doublewidespan" style="padding-left:3em">UD Latvian</span>
<span class="widespan">lv</span>
<span class="validationfail">FAIL</span>
<span class="doublewidespan"> <time class="timeago" datetime="2016-12-01T00:27:55Z">2016-12-01T00:27:55 zulu</time></span>
</div>
<div>
<pre>
python /home/ginter/UD_PROJHOOK/tools/validate.py --lang lv /home/ginter/UD_PROJHOOK/UD-dev-branches/UD_Latvian/lv-ud-dev.conllu

[Line                   145]: Unknown attribute-value pair VerbForm=Trans
[Line                   294]: Unknown attribute-value pair VerbForm=Trans
[Line                   334]: Unknown attribute-value pair VerbForm=Trans
[Line                   382]: Unknown attribute-value pair VerbForm=Trans
[Line                   715]: Unknown attribute-value pair VerbForm=Trans
[Line                   821]: Unknown attribute-value pair VerbForm=Trans
[Line                   1083]: Unknown attribute-value pair VerbForm=Trans
[Line                   1909]: Unknown attribute-value pair VerbForm=Trans
[Line                   2410]: Unknown attribute-value pair VerbForm=Trans
[Line                   2534]: Unknown attribute-value pair VerbForm=Trans
[Line                   2860]: Unknown attribute-value pair VerbForm=Trans
[Line                   2929]: Unknown attribute-value pair VerbForm=Trans
[Line                   3134]: Unknown attribute-value pair VerbForm=Trans
[Line                   3325]: Unknown attribute-value pair VerbForm=Trans
[Line                   3702]: Unknown attribute-value pair VerbForm=Trans
[Line                   3728]: Unknown attribute-value pair VerbForm=Trans
[Line                   3736]: Unknown attribute-value pair VerbForm=Trans
[Line                   3862]: Unknown attribute-value pair VerbForm=Trans
[Line                   3871]: Unknown attribute-value pair VerbForm=Trans
*** FAILED *** with 19 errors
Morpho errors: 19


******************

python /home/ginter/UD_PROJHOOK/tools/validate.py --lang lv /home/ginter/UD_PROJHOOK/UD-dev-branches/UD_Latvian/lv-ud-test.conllu

[Line                   105]: Unknown attribute-value pair VerbForm=Trans
[Line                   258]: Unknown attribute-value pair VerbForm=Trans
[Line                   352]: Unknown attribute-value pair VerbForm=Trans
[Line                   396]: Unknown attribute-value pair VerbForm=Trans
[Line                   447]: Unknown attribute-value pair VerbForm=Trans
[Line                   490]: Unknown attribute-value pair VerbForm=Trans
[Line                   629]: Unknown attribute-value pair VerbForm=Trans
[Line                   676]: Unknown attribute-value pair VerbForm=Trans
[Line                   739]: Unknown attribute-value pair VerbForm=Trans
[Line                   1085]: Unknown attribute-value pair VerbForm=Trans
[Line                   1366]: Unknown attribute-value pair VerbForm=Trans
[Line                   1639]: Unknown attribute-value pair VerbForm=Trans
[Line                   1894]: Unknown attribute-value pair VerbForm=Trans
[Line                   2026]: Unknown attribute-value pair VerbForm=Trans
[Line                   2447]: Unknown attribute-value pair VerbForm=Trans
[Line                   2838]: Unknown attribute-value pair VerbForm=Trans
[Line                   2920]: Unknown attribute-value pair VerbForm=Trans
[Line                   2931]: Unknown attribute-value pair VerbForm=Trans
[Line                   3416]: Unknown attribute-value pair VerbForm=Trans
...suppressing further errors regarding Morpho
*** FAILED *** with 30 errors
Morpho errors: 30


******************

python /home/ginter/UD_PROJHOOK/tools/validate.py --lang lv /home/ginter/UD_PROJHOOK/UD-dev-branches/UD_Latvian/lv-ud-train.conllu

[Line                   423]: Unknown attribute-value pair VerbForm=Trans
[Line                   980]: Unknown attribute-value pair VerbForm=Trans
[Line                   1848]: Unknown attribute-value pair VerbForm=Trans
[Line                   2084]: Unknown attribute-value pair VerbForm=Trans
[Line                   2127]: Unknown attribute-value pair VerbForm=Trans
[Line                   3387]: Unknown attribute-value pair VerbForm=Trans
[Line                   3592]: Unknown attribute-value pair VerbForm=Trans
[Line                   4104]: Unknown attribute-value pair VerbForm=Trans
[Line                   4196]: Unknown attribute-value pair VerbForm=Trans
[Line                   4518]: Unknown attribute-value pair VerbForm=Trans
[Line                   4558]: Unknown attribute-value pair VerbForm=Trans
[Line                   4606]: Unknown attribute-value pair VerbForm=Trans
[Line                   4637]: Unknown attribute-value pair VerbForm=Trans
[Line                   5209]: Unknown attribute-value pair VerbForm=Trans
[Line                   5287]: Unknown attribute-value pair VerbForm=Trans
[Line                   5558]: Unknown attribute-value pair VerbForm=Trans
[Line                   5563]: Unknown attribute-value pair VerbForm=Trans
[Line                   5717]: Unknown attribute-value pair VerbForm=Trans
[Line                   6186]: Unknown attribute-value pair VerbForm=Trans
...suppressing further errors regarding Morpho
*** FAILED *** with 74 errors
Morpho errors: 74


******************


</pre>
</div>
<div>
<span class="doublewidespan" style="padding-left:3em">UD Norwegian</span>
<span class="widespan">no</span>
<span class="validationpass">PASS</span>
<span class="doublewidespan"> <time class="timeago" datetime="2016-11-14T22:03:27Z">2016-11-14T22:03:27 zulu</time></span>
</div>
<div>
<pre>
python tools/validate.py --lang no UD-dev-branches/UD_Norwegian/no-ud-dev.conllu

*** PASSED ***


******************

python tools/validate.py --lang no UD-dev-branches/UD_Norwegian/no-ud-test.conllu

*** PASSED ***


******************

python tools/validate.py --lang no UD-dev-branches/UD_Norwegian/no-ud-train.conllu

*** PASSED ***


******************


</pre>
</div>
<div>
<span class="doublewidespan" style="padding-left:3em">UD Old Church Slavonic</span>
<span class="widespan">cu</span>
<span class="validationpass">PASS</span>
<span class="doublewidespan"> <time class="timeago" datetime="2016-09-19T07:59:46Z">2016-09-19T07:59:46 zulu</time></span>
</div>
<div>
<pre>
python tools/validate.py --lang cu UD-dev-branches/UD_Old_Church_Slavonic/cu-ud-dev.conllu

*** PASSED ***


******************

python tools/validate.py --lang cu UD-dev-branches/UD_Old_Church_Slavonic/cu-ud-test.conllu

*** PASSED ***


******************

python tools/validate.py --lang cu UD-dev-branches/UD_Old_Church_Slavonic/cu-ud-train.conllu

*** PASSED ***


******************


</pre>
</div>
<div>
<span class="doublewidespan" style="padding-left:3em">UD Persian</span>
<span class="widespan">fa</span>
<span class="validationpass">PASS</span>
<span class="doublewidespan"> <time class="timeago" datetime="2016-11-22T18:47:50Z">2016-11-22T18:47:50 zulu</time></span>
</div>
<div>
<pre>
python tools/validate.py --lang fa UD-dev-branches/UD_Persian/fa-ud-dev.conllu

*** PASSED ***


******************

python tools/validate.py --lang fa UD-dev-branches/UD_Persian/fa-ud-test.conllu

*** PASSED ***


******************

python tools/validate.py --lang fa UD-dev-branches/UD_Persian/fa-ud-train.conllu

*** PASSED ***


******************


</pre>
</div>
<div>
<span class="doublewidespan" style="padding-left:3em">UD Polish</span>
<span class="widespan">pl</span>
<span class="validationpass">PASS</span>
<span class="doublewidespan"> <time class="timeago" datetime="2016-11-30T21:48:24Z">2016-11-30T21:48:24 zulu</time></span>
</div>
<div>
<pre>
python /home/ginter/UD_PROJHOOK/tools/validate.py --lang pl /home/ginter/UD_PROJHOOK/UD-dev-branches/UD_Polish/pl-ud-dev.conllu

*** PASSED ***


******************

python /home/ginter/UD_PROJHOOK/tools/validate.py --lang pl /home/ginter/UD_PROJHOOK/UD-dev-branches/UD_Polish/pl-ud-test.conllu

*** PASSED ***


******************

python /home/ginter/UD_PROJHOOK/tools/validate.py --lang pl /home/ginter/UD_PROJHOOK/UD-dev-branches/UD_Polish/pl-ud-train.conllu

*** PASSED ***


******************


</pre>
</div>
<div>
<span class="doublewidespan" style="padding-left:3em">UD Portuguese</span>
<span class="widespan">pt</span>
<span class="validationpass">PASS</span>
<span class="doublewidespan"> <time class="timeago" datetime="2016-10-31T14:22:25Z">2016-10-31T14:22:25 zulu</time></span>
</div>
<div>
<pre>
python /home/ginter/UD_PROJHOOK/tools/validate.py --lang pt /home/ginter/UD_PROJHOOK/UD-dev-branches/UD_Portuguese/pt-ud-dev.conllu

*** PASSED ***


******************

python /home/ginter/UD_PROJHOOK/tools/validate.py --lang pt /home/ginter/UD_PROJHOOK/UD-dev-branches/UD_Portuguese/pt-ud-test.conllu

*** PASSED ***


******************

python /home/ginter/UD_PROJHOOK/tools/validate.py --lang pt /home/ginter/UD_PROJHOOK/UD-dev-branches/UD_Portuguese/pt-ud-train.conllu

*** PASSED ***


******************


</pre>
</div>
<div>
<span class="doublewidespan" style="padding-left:3em">UD Portuguese-BR</span>
<span class="widespan">pt br</span>
<span class="validationpass">PASS</span>
<span class="doublewidespan"> <time class="timeago" datetime="2016-09-19T08:02:10Z">2016-09-19T08:02:10 zulu</time></span>
</div>
<div>
<pre>
python tools/validate.py --lang pt_br UD-dev-branches/UD_Portuguese-BR/pt_br-ud-dev.conllu

*** PASSED ***


******************

python tools/validate.py --lang pt_br UD-dev-branches/UD_Portuguese-BR/pt_br-ud-test.conllu

*** PASSED ***


******************

python tools/validate.py --lang pt_br UD-dev-branches/UD_Portuguese-BR/pt_br-ud-train.conllu

*** PASSED ***


******************


</pre>
</div>
<div>
<span class="doublewidespan" style="padding-left:3em">UD Portuguese-Bosque</span>
<span class="widespan">pt bosque</span>
<span class="validationpass">PASS</span>
<span class="doublewidespan"> <time class="timeago" datetime="2016-11-21T11:31:37Z">2016-11-21T11:31:37 zulu</time></span>
</div>
<div>
<pre>
python tools/validate.py --lang pt_bosque UD-dev-branches/UD_Portuguese-Bosque/pt_bosque-ud-dev.conllu

*** PASSED ***


******************

python tools/validate.py --lang pt_bosque UD-dev-branches/UD_Portuguese-Bosque/pt_bosque-ud-test.conllu

*** PASSED ***


******************

python tools/validate.py --lang pt_bosque UD-dev-branches/UD_Portuguese-Bosque/pt_bosque-ud-train.conllu

*** PASSED ***


******************


</pre>
</div>
<div>
<span class="doublewidespan" style="padding-left:3em">UD Romanian</span>
<span class="widespan">ro</span>
<span class="validationpass">PASS</span>
<span class="doublewidespan"> <time class="timeago" datetime="2016-11-30T21:48:29Z">2016-11-30T21:48:29 zulu</time></span>
</div>
<div>
<pre>
python /home/ginter/UD_PROJHOOK/tools/validate.py --lang ro /home/ginter/UD_PROJHOOK/UD-dev-branches/UD_Romanian/ro-ud-dev.conllu

*** PASSED ***


******************

python /home/ginter/UD_PROJHOOK/tools/validate.py --lang ro /home/ginter/UD_PROJHOOK/UD-dev-branches/UD_Romanian/ro-ud-test.conllu

*** PASSED ***


******************

python /home/ginter/UD_PROJHOOK/tools/validate.py --lang ro /home/ginter/UD_PROJHOOK/UD-dev-branches/UD_Romanian/ro-ud-train.conllu

*** PASSED ***


******************


</pre>
</div>
<div>
<span class="doublewidespan" style="padding-left:3em">UD Russian</span>
<span class="widespan">ru</span>
<span class="validationpass">PASS</span>
<span class="doublewidespan"> <time class="timeago" datetime="2016-11-14T22:05:19Z">2016-11-14T22:05:19 zulu</time></span>
</div>
<div>
<pre>
python tools/validate.py --lang ru UD-dev-branches/UD_Russian/ru-ud-dev.conllu

*** PASSED ***


******************

python tools/validate.py --lang ru UD-dev-branches/UD_Russian/ru-ud-test.conllu

*** PASSED ***


******************

python tools/validate.py --lang ru UD-dev-branches/UD_Russian/ru-ud-train.conllu

*** PASSED ***


******************


</pre>
</div>
<div>
<span class="doublewidespan" style="padding-left:3em">UD Russian-SynTagRus</span>
<span class="widespan">ru syntagrus</span>
<span class="validationpass">PASS</span>
<span class="doublewidespan"> <time class="timeago" datetime="2016-11-24T01:03:28Z">2016-11-24T01:03:28 zulu</time></span>
</div>
<div>
<pre>
python tools/validate.py --lang ru_syntagrus UD-dev-branches/UD_Russian-SynTagRus/ru_syntagrus-ud-dev.conllu

*** PASSED ***


******************

python tools/validate.py --lang ru_syntagrus UD-dev-branches/UD_Russian-SynTagRus/ru_syntagrus-ud-test.conllu

*** PASSED ***


******************

python tools/validate.py --lang ru_syntagrus UD-dev-branches/UD_Russian-SynTagRus/ru_syntagrus-ud-train.conllu

*** PASSED ***


******************


</pre>
</div>
<div>
<span class="doublewidespan" style="padding-left:3em">UD Sanskrit</span>
<span class="widespan">sa</span>
<span class="validationfail">FAIL</span>
<span class="doublewidespan"> <time class="timeago" datetime="2016-12-01T01:38:31Z">2016-12-01T01:38:31 zulu</time></span>
</div>
<div>
<pre>
python /home/ginter/UD_PROJHOOK/tools/validate.py --lang sa /home/ginter/UD_PROJHOOK/UD-dev-branches/UD_Sanskrit/sa-ud-dev.conllu

*** PASSED ***


******************

python /home/ginter/UD_PROJHOOK/tools/validate.py --lang sa /home/ginter/UD_PROJHOOK/UD-dev-branches/UD_Sanskrit/sa-ud-test.conllu

[Line                   44]: Unknown attribute-value pair Polite=Pol
[Line                   111]: Unknown attribute-value pair Polite=Pol
[Line                   115]: Unknown attribute-value pair Polite=Pol
*** FAILED *** with 3 errors
Morpho errors: 3


******************

python /home/ginter/UD_PROJHOOK/tools/validate.py --lang sa /home/ginter/UD_PROJHOOK/UD-dev-branches/UD_Sanskrit/sa-ud-train.conllu

[Line                   623]: Unknown attribute-value pair Polite=Pol
[Line                   838]: Unknown attribute-value pair Polite=Pol
[Line                   872]: Unknown attribute-value pair Polite=Pol
[Line                   898]: Unknown attribute-value pair Polite=Pol
[Line                   916]: Unknown attribute-value pair Polite=Pol
[Line                   949]: Unknown attribute-value pair Polite=Pol
*** FAILED *** with 6 errors
Morpho errors: 6


******************


</pre>
</div>
<div>
<span class="doublewidespan" style="padding-left:3em">UD Serbian</span>
<span class="widespan">sr</span>
<span class="validationfail">EMPTY</span>
<span class="doublewidespan"> <time class="timeago" datetime="2016-11-14T22:09:16Z">2016-11-14T22:09:16 zulu</time></span>
</div>
<div>
<pre>
No data
</pre>
</div>
<div>
<span class="doublewidespan" style="padding-left:3em">UD Slovak</span>
<span class="widespan">sk</span>
<span class="validationfail">FAIL</span>
<span class="doublewidespan"> <time class="timeago" datetime="2016-11-30T21:48:40Z">2016-11-30T21:48:40 zulu</time></span>
</div>
<div>
<pre>
python /home/ginter/UD_PROJHOOK/tools/validate.py --lang sk /home/ginter/UD_PROJHOOK/UD-dev-branches/UD_Slovak/sk-ud-dev.conllu

[Line                   37]: Unknown attribute-value pair Foreign=Foreign
[Line                   194]: Unknown attribute-value pair Foreign=Foreign
[Line                   325]: Unknown attribute-value pair Foreign=Foreign
[Line                   365]: Unknown attribute-value pair Foreign=Foreign
[Line                   366]: Unknown attribute-value pair Foreign=Foreign
[Line                   367]: Unknown attribute-value pair Foreign=Foreign
[Line                   437]: Unknown attribute-value pair Foreign=Foreign
[Line                   849]: Unknown attribute-value pair Foreign=Foreign
[Line                   1842]: Unknown attribute-value pair Foreign=Foreign
[Line                   1843]: Unknown attribute-value pair Foreign=Foreign
[Line                   3628]: Unknown attribute-value pair Foreign=Foreign
[Line                   3978]: Unknown attribute-value pair Foreign=Foreign
[Line                   3983]: Unknown attribute-value pair Foreign=Foreign
[Line                   3984]: Unknown attribute-value pair Foreign=Foreign
[Line                   3985]: Unknown attribute-value pair Foreign=Foreign
[Line                   4000]: Unknown attribute-value pair Foreign=Foreign
[Line                   4005]: Unknown attribute-value pair Foreign=Foreign
[Line                   4006]: Unknown attribute-value pair Foreign=Foreign
[Line                   4007]: Unknown attribute-value pair Foreign=Foreign
...suppressing further errors regarding Morpho
*** FAILED *** with 103 errors
Morpho errors: 103


******************

python /home/ginter/UD_PROJHOOK/tools/validate.py --lang sk /home/ginter/UD_PROJHOOK/UD-dev-branches/UD_Slovak/sk-ud-test.conllu

[Line                   126]: Unknown attribute-value pair Foreign=Foreign
[Line                   127]: Unknown attribute-value pair Foreign=Foreign
[Line                   398]: Unknown attribute-value pair Foreign=Foreign
[Line                   399]: Unknown attribute-value pair Foreign=Foreign
[Line                   400]: Unknown attribute-value pair Foreign=Foreign
[Line                   1206]: Unknown attribute-value pair Foreign=Foreign
[Line                   1228]: Unknown attribute-value pair Foreign=Foreign
[Line                   1229]: Unknown attribute-value pair Foreign=Foreign
[Line                   1266]: Unknown attribute-value pair Foreign=Foreign
[Line                   1849]: Unknown attribute-value pair Foreign=Foreign
[Line                   2897]: Unknown attribute-value pair Foreign=Foreign
[Line                   3617]: Unknown attribute-value pair Foreign=Foreign
[Line                   3618]: Unknown attribute-value pair Foreign=Foreign
[Line                   5240]: Unknown attribute-value pair Foreign=Foreign
[Line                   5625]: Unknown attribute-value pair Foreign=Foreign
[Line                   6404]: Unknown attribute-value pair Foreign=Foreign
[Line                   6420]: Unknown attribute-value pair Foreign=Foreign
[Line                   7783]: Unknown attribute-value pair Foreign=Foreign
[Line                   7784]: Unknown attribute-value pair Foreign=Foreign
...suppressing further errors regarding Morpho
*** FAILED *** with 49 errors
Morpho errors: 49


******************

python /home/ginter/UD_PROJHOOK/tools/validate.py --lang sk /home/ginter/UD_PROJHOOK/UD-dev-branches/UD_Slovak/sk-ud-train.conllu

[Line                   123]: Unknown attribute-value pair Foreign=Foreign
[Line                   124]: Unknown attribute-value pair Foreign=Foreign
[Line                   292]: Unknown attribute-value pair Foreign=Foreign
[Line                   294]: Unknown attribute-value pair Foreign=Foreign
[Line                   328]: Unknown attribute-value pair Foreign=Foreign
[Line                   333]: Unknown attribute-value pair Foreign=Foreign
[Line                   355]: Unknown attribute-value pair Foreign=Foreign
[Line                   1172]: Unknown attribute-value pair Foreign=Foreign
[Line                   1289]: Unknown attribute-value pair Foreign=Foreign
[Line                   1290]: Unknown attribute-value pair Foreign=Foreign
[Line                   1545]: Unknown attribute-value pair Foreign=Foreign
[Line                   1582]: Unknown attribute-value pair Foreign=Foreign
[Line                   1583]: Unknown attribute-value pair Foreign=Foreign
[Line                   1650]: Unknown attribute-value pair Foreign=Foreign
[Line                   1651]: Unknown attribute-value pair Foreign=Foreign
[Line                   1653]: Unknown attribute-value pair Foreign=Foreign
[Line                   1658]: Unknown attribute-value pair Foreign=Foreign
[Line                   1659]: Unknown attribute-value pair Foreign=Foreign
[Line                   1661]: Unknown attribute-value pair Foreign=Foreign
...suppressing further errors regarding Morpho
*** FAILED *** with 89 errors
Morpho errors: 89


******************


</pre>
</div>
<div>
<span class="doublewidespan" style="padding-left:3em">UD Slovenian</span>
<span class="widespan">sl</span>
<span class="validationfail">FAIL</span>
<span class="doublewidespan"> <time class="timeago" datetime="2016-11-30T21:48:46Z">2016-11-30T21:48:46 zulu</time></span>
</div>
<div>
<pre>
python /home/ginter/UD_PROJHOOK/tools/validate.py --lang sl /home/ginter/UD_PROJHOOK/UD-dev-branches/UD_Slovenian/sl-ud-dev.conllu

[Line                   13]: Unknown attribute-value pair Foreign=Foreign
[Line                   14]: Unknown attribute-value pair Foreign=Foreign
[Line                   3765]: Unknown attribute-value pair Foreign=Foreign
*** FAILED *** with 3 errors
Morpho errors: 3


******************

python /home/ginter/UD_PROJHOOK/tools/validate.py --lang sl /home/ginter/UD_PROJHOOK/UD-dev-branches/UD_Slovenian/sl-ud-test.conllu

[Line                   9068]: Unknown attribute-value pair Foreign=Foreign
[Line                   9074]: Unknown attribute-value pair Foreign=Foreign
[Line                   9174]: Unknown attribute-value pair Foreign=Foreign
[Line                   9175]: Unknown attribute-value pair Foreign=Foreign
[Line                   9196]: Unknown attribute-value pair Foreign=Foreign
[Line                   9197]: Unknown attribute-value pair Foreign=Foreign
*** FAILED *** with 6 errors
Morpho errors: 6


******************

python /home/ginter/UD_PROJHOOK/tools/validate.py --lang sl /home/ginter/UD_PROJHOOK/UD-dev-branches/UD_Slovenian/sl-ud-train.conllu

[Line                   2486]: Unknown attribute-value pair Foreign=Foreign
[Line                   2488]: Unknown attribute-value pair Foreign=Foreign
[Line                   11196]: Unknown attribute-value pair Foreign=Foreign
[Line                   11197]: Unknown attribute-value pair Foreign=Foreign
[Line                   11198]: Unknown attribute-value pair Foreign=Foreign
[Line                   11590]: Unknown attribute-value pair Foreign=Foreign
[Line                   11594]: Unknown attribute-value pair Foreign=Foreign
[Line                   12970]: Unknown attribute-value pair Foreign=Foreign
[Line                   14735]: Unknown attribute-value pair Foreign=Foreign
[Line                   14736]: Unknown attribute-value pair Foreign=Foreign
[Line                   14737]: Unknown attribute-value pair Foreign=Foreign
[Line                   14738]: Unknown attribute-value pair Foreign=Foreign
[Line                   14739]: Unknown attribute-value pair Foreign=Foreign
[Line                   14740]: Unknown attribute-value pair Foreign=Foreign
[Line                   14744]: Unknown attribute-value pair Foreign=Foreign
[Line                   14745]: Unknown attribute-value pair Foreign=Foreign
[Line                   14746]: Unknown attribute-value pair Foreign=Foreign
[Line                   14747]: Unknown attribute-value pair Foreign=Foreign
[Line                   14755]: Unknown attribute-value pair Foreign=Foreign
...suppressing further errors regarding Morpho
*** FAILED *** with 105 errors
Morpho errors: 105


******************


</pre>
</div>
<div>
<span class="doublewidespan" style="padding-left:3em">UD Slovenian-SST</span>
<span class="widespan">sl sst</span>
<span class="validationfail">FAIL</span>
<span class="doublewidespan"> <time class="timeago" datetime="2016-11-30T21:48:53Z">2016-11-30T21:48:53 zulu</time></span>
</div>
<div>
<pre>
python /home/ginter/UD_PROJHOOK/tools/validate.py --lang sl_sst /home/ginter/UD_PROJHOOK/UD-dev-branches/UD_Slovenian-SST/sl_sst-ud-dev.conllu

[Line                   1055]: Unknown attribute-value pair Foreign=Foreign
[Line                   1226]: Unknown attribute-value pair Foreign=Foreign
[Line                   1227]: Unknown attribute-value pair Foreign=Foreign
[Line                   1228]: Unknown attribute-value pair Foreign=Foreign
[Line                   1615]: Unknown attribute-value pair Foreign=Foreign
[Line                   1616]: Unknown attribute-value pair Foreign=Foreign
*** FAILED *** with 6 errors
Morpho errors: 6


******************

python /home/ginter/UD_PROJHOOK/tools/validate.py --lang sl_sst /home/ginter/UD_PROJHOOK/UD-dev-branches/UD_Slovenian-SST/sl_sst-ud-test.conllu

[Line                   3050]: Unknown attribute-value pair Foreign=Foreign
[Line                   3051]: Unknown attribute-value pair Foreign=Foreign
[Line                   3078]: Unknown attribute-value pair Foreign=Foreign
[Line                   3079]: Unknown attribute-value pair Foreign=Foreign
[Line                   3519]: Unknown attribute-value pair Foreign=Foreign
[Line                   3520]: Unknown attribute-value pair Foreign=Foreign
*** FAILED *** with 6 errors
Morpho errors: 6


******************

python /home/ginter/UD_PROJHOOK/tools/validate.py --lang sl_sst /home/ginter/UD_PROJHOOK/UD-dev-branches/UD_Slovenian-SST/sl_sst-ud-train.conllu

[Line                   154]: Unknown attribute-value pair Foreign=Foreign
[Line                   155]: Unknown attribute-value pair Foreign=Foreign
[Line                   156]: Unknown attribute-value pair Foreign=Foreign
[Line                   6763]: Unknown attribute-value pair Foreign=Foreign
[Line                   6776]: Unknown attribute-value pair Foreign=Foreign
[Line                   11111]: Unknown attribute-value pair Foreign=Foreign
[Line                   11112]: Unknown attribute-value pair Foreign=Foreign
[Line                   11113]: Unknown attribute-value pair Foreign=Foreign
[Line                   11433]: Unknown attribute-value pair NumType=Gen
[Line                   11435]: Unknown attribute-value pair NumType=Gen
[Line                   12085]: Unknown attribute-value pair Foreign=Foreign
[Line                   12086]: Unknown attribute-value pair Foreign=Foreign
[Line                   12087]: Unknown attribute-value pair Foreign=Foreign
[Line                   12088]: Unknown attribute-value pair Foreign=Foreign
[Line                   12089]: Unknown attribute-value pair Foreign=Foreign
[Line                   12090]: Unknown attribute-value pair Foreign=Foreign
[Line                   12267]: Unknown attribute-value pair Foreign=Foreign
[Line                   12268]: Unknown attribute-value pair Foreign=Foreign
[Line                   12269]: Unknown attribute-value pair Foreign=Foreign
...suppressing further errors regarding Morpho
*** FAILED *** with 87 errors
Morpho errors: 87


******************


</pre>
</div>
<div>
<span class="doublewidespan" style="padding-left:3em">UD Somali</span>
<span class="widespan">so</span>
<span class="validationfail">EMPTY</span>
<span class="doublewidespan"> <time class="timeago" datetime="2016-11-14T22:09:26Z">2016-11-14T22:09:26 zulu</time></span>
</div>
<div>
<pre>
No data
</pre>
</div>
<div>
<span class="doublewidespan" style="padding-left:3em">UD Sorani</span>
<span class="widespan">ckb</span>
<span class="validationfail">EMPTY</span>
<span class="doublewidespan"> <time class="timeago" datetime="2016-11-14T22:09:36Z">2016-11-14T22:09:36 zulu</time></span>
</div>
<div>
<pre>
No data
</pre>
</div>
<div>
<span class="doublewidespan" style="padding-left:3em">UD Spanish</span>
<span class="widespan">es</span>
<span class="validationfail">FAIL</span>
<span class="doublewidespan"> <time class="timeago" datetime="2016-12-01T01:38:31Z">2016-12-01T01:38:31 zulu</time></span>
</div>
<div>
<pre>
python /home/ginter/UD_PROJHOOK/tools/validate.py --lang es /home/ginter/UD_PROJHOOK/UD-dev-branches/UD_Spanish/es-ud-dev.conllu

[Line                   13037]: Unknown attribute-value pair Foreign=Fscript
[Line                   13038]: Unknown attribute-value pair Foreign=Fscript
[Line                   15173]: Unknown attribute-value pair Foreign=Fscript
[Line                   15174]: Unknown attribute-value pair Foreign=Fscript
[Line                   15175]: Unknown attribute-value pair Foreign=Fscript
[Line                   38432]: Unknown attribute-value pair Foreign=Fscript
*** FAILED *** with 6 errors
Morpho errors: 6


******************

python /home/ginter/UD_PROJHOOK/tools/validate.py --lang es /home/ginter/UD_PROJHOOK/UD-dev-branches/UD_Spanish/es-ud-test.conllu

[Line                   2058]: Unknown attribute-value pair Polite=Pol
[Line                   2681]: Unknown attribute-value pair Polite=Pol
[Line                   3781]: Unknown attribute-value pair Polite=Pol
*** FAILED *** with 3 errors
Morpho errors: 3


******************

python /home/ginter/UD_PROJHOOK/tools/validate.py --lang es /home/ginter/UD_PROJHOOK/UD-dev-branches/UD_Spanish/es-ud-train.conllu

[Line                   2371]: Unknown attribute-value pair Foreign=Fscript
[Line                   5472]: Unknown attribute-value pair Foreign=Foreign
[Line                   19511]: Unknown attribute-value pair Foreign=Fscript
[Line                   27453]: Unknown attribute-value pair Polite=Pol
[Line                   40419]: Unknown attribute-value pair Foreign=Fscript
[Line                   40420]: Unknown attribute-value pair Foreign=Fscript
[Line                   44015]: Unknown attribute-value pair Foreign=Fscript
[Line                   44016]: Unknown attribute-value pair Foreign=Fscript
[Line                   53277]: Unknown attribute-value pair Foreign=Fscript
[Line                   60497]: Unknown attribute-value pair Foreign=Fscript
[Line                   61204]: Unknown attribute-value pair Foreign=Fscript
[Line                   65671]: Unknown attribute-value pair Foreign=Fscript
[Line                   65678]: Unknown attribute-value pair Foreign=Fscript
[Line                   74281]: Unknown attribute-value pair Polite=Pol
[Line                   74398]: Unknown attribute-value pair Foreign=Fscript
[Line                   74399]: Unknown attribute-value pair Foreign=Fscript
[Line                   74400]: Unknown attribute-value pair Foreign=Fscript
[Line                   77735]: Unknown attribute-value pair Foreign=Fscript
[Line                   81279]: Unknown attribute-value pair Polite=Pol
...suppressing further errors regarding Morpho
*** FAILED *** with 73 errors
Morpho errors: 73


******************


</pre>
</div>
<div>
<span class="doublewidespan" style="padding-left:3em">UD Spanish-AnCora</span>
<span class="widespan">es ancora</span>
<span class="validationfail">FAIL</span>
<span class="doublewidespan"> <time class="timeago" datetime="2016-12-01T01:38:50Z">2016-12-01T01:38:50 zulu</time></span>
</div>
<div>
<pre>
python /home/ginter/UD_PROJHOOK/tools/validate.py --lang es_ancora /home/ginter/UD_PROJHOOK/UD-dev-branches/UD_Spanish-AnCora/es_ancora-ud-dev.conllu

[Line                   344]: Unknown attribute-value pair Negative=Neg
[Line                   712]: Unknown attribute-value pair Negative=Neg
[Line                   1042]: Unknown attribute-value pair Negative=Neg
[Line                   1118]: Unknown attribute-value pair Negative=Neg
[Line                   1160]: Unknown attribute-value pair Negative=Neg
[Line                   1225]: Unknown attribute-value pair Negative=Neg
[Line                   1255]: Unknown attribute-value pair Negative=Neg
[Line                   1442]: Unknown attribute-value pair Negative=Neg
[Line                   1543]: Unknown attribute-value pair Negative=Neg
[Line                   1746]: Unknown attribute-value pair Negative=Neg
[Line                   2021]: Unknown attribute-value pair Negative=Neg
[Line                   2025]: Unknown attribute-value pair Negative=Neg
[Line                   2029]: Unknown attribute-value pair Negative=Neg
[Line                   2033]: Unknown attribute-value pair Negative=Neg
[Line                   2039]: Unknown attribute-value pair Negative=Neg
[Line                   2042]: Unknown attribute-value pair Negative=Neg
[Line                   2355]: Unknown attribute-value pair Negative=Neg
[Line                   2398]: Unknown attribute-value pair Negative=Neg
[Line                   2461]: Unknown attribute-value pair Negative=Neg
...suppressing further errors regarding Morpho
*** FAILED *** with 323 errors
Morpho errors: 323


******************

python /home/ginter/UD_PROJHOOK/tools/validate.py --lang es_ancora /home/ginter/UD_PROJHOOK/UD-dev-branches/UD_Spanish-AnCora/es_ancora-ud-test.conllu

[Line                   482]: Unknown attribute-value pair Negative=Neg
[Line                   790]: Unknown attribute-value pair Polite=Pol
[Line                   815]: Unknown attribute-value pair Negative=Neg
[Line                   1017]: Unknown attribute-value pair Negative=Neg
[Line                   1219]: Unknown attribute-value pair Negative=Neg
[Line                   1353]: Unknown attribute-value pair Negative=Neg
[Line                   1413]: Unknown attribute-value pair Negative=Neg
[Line                   1602]: Unknown attribute-value pair Negative=Neg
[Line                   1662]: Unknown attribute-value pair Negative=Neg
[Line                   1990]: Unknown attribute-value pair Negative=Neg
[Line                   2004]: Unknown attribute-value pair Negative=Neg
[Line                   2015]: Unknown attribute-value pair Negative=Neg
[Line                   2181]: Unknown attribute-value pair Negative=Neg
[Line                   2346]: Unknown attribute-value pair Negative=Neg
[Line                   2528]: Unknown attribute-value pair Negative=Neg
[Line                   2769]: Unknown attribute-value pair Negative=Neg
[Line                   2896]: Unknown attribute-value pair Negative=Neg
[Line                   2900]: Unknown attribute-value pair Negative=Neg
[Line                   2921]: Unknown attribute-value pair Negative=Neg
...suppressing further errors regarding Morpho
*** FAILED *** with 370 errors
Morpho errors: 370


******************

python /home/ginter/UD_PROJHOOK/tools/validate.py --lang es_ancora /home/ginter/UD_PROJHOOK/UD-dev-branches/UD_Spanish-AnCora/es_ancora-ud-train.conllu

[Line                   123]: Unknown attribute-value pair Negative=Neg
[Line                   1053]: Unknown attribute-value pair Negative=Neg
[Line                   2789]: Unknown attribute-value pair Negative=Neg
[Line                   2864]: Unknown attribute-value pair Negative=Neg
[Line                   3020]: Unknown attribute-value pair Negative=Neg
[Line                   3218]: Unknown attribute-value pair Negative=Neg
[Line                   3401]: Unknown attribute-value pair Negative=Neg
[Line                   3478]: Unknown attribute-value pair Negative=Neg
[Line                   3481]: Unknown attribute-value pair Negative=Neg
[Line                   3530]: Unknown attribute-value pair Negative=Neg
[Line                   3574]: Unknown attribute-value pair Negative=Neg
[Line                   4251]: Unknown attribute-value pair Negative=Neg
[Line                   4268]: Unknown attribute-value pair Negative=Neg
[Line                   4410]: Unknown attribute-value pair Negative=Neg
[Line                   4697]: Unknown attribute-value pair Negative=Neg
[Line                   4808]: Unknown attribute-value pair Negative=Neg
[Line                   4843]: Unknown attribute-value pair Negative=Neg
[Line                   4863]: Unknown attribute-value pair Negative=Neg
[Line                   6280]: Unknown attribute-value pair Negative=Neg
...suppressing further errors regarding Morpho
*** FAILED *** with 3128 errors
Morpho errors: 3128


******************


</pre>
</div>
<div>
<span class="doublewidespan" style="padding-left:3em">UD Swedish</span>
<span class="widespan">sv</span>
<span class="validationpass">PASS</span>
<span class="doublewidespan"> <time class="timeago" datetime="2016-09-19T08:10:31Z">2016-09-19T08:10:31 zulu</time></span>
</div>
<div>
<pre>
python tools/validate.py --lang sv UD-dev-branches/UD_Swedish/sv-ud-dev.conllu

*** PASSED ***


******************

python tools/validate.py --lang sv UD-dev-branches/UD_Swedish/sv-ud-test.conllu

*** PASSED ***


******************

python tools/validate.py --lang sv UD-dev-branches/UD_Swedish/sv-ud-train.conllu

*** PASSED ***


******************


</pre>
</div>
<div>
<span class="doublewidespan" style="padding-left:3em">UD Swedish-LinES</span>
<span class="widespan">sv lines</span>
<span class="validationpass">PASS</span>
<span class="doublewidespan"> <time class="timeago" datetime="2016-11-12T21:08:49Z">2016-11-12T21:08:49 zulu</time></span>
</div>
<div>
<pre>
python tools/validate.py --lang sv_lines UD-dev-branches/UD_Swedish-LinES/sv_lines-ud-dev.conllu

*** PASSED ***


******************

python tools/validate.py --lang sv_lines UD-dev-branches/UD_Swedish-LinES/sv_lines-ud-test.conllu

*** PASSED ***


******************

python tools/validate.py --lang sv_lines UD-dev-branches/UD_Swedish-LinES/sv_lines-ud-train.conllu

*** PASSED ***


******************


</pre>
</div>
<div>
<span class="doublewidespan" style="padding-left:3em">UD Swedish Sign Language</span>
<span class="widespan">swl</span>
<span class="validationpass">PASS</span>
<span class="doublewidespan"> <time class="timeago" datetime="2016-11-14T22:11:52Z">2016-11-14T22:11:52 zulu</time></span>
</div>
<div>
<pre>
python tools/validate.py --lang swl UD-dev-branches/UD_Swedish_Sign_Language/swl-ud-dev.conllu

*** PASSED ***


******************

python tools/validate.py --lang swl UD-dev-branches/UD_Swedish_Sign_Language/swl-ud-test.conllu

*** PASSED ***


******************

python tools/validate.py --lang swl UD-dev-branches/UD_Swedish_Sign_Language/swl-ud-train.conllu

*** PASSED ***


******************


</pre>
</div>
<div>
<span class="doublewidespan" style="padding-left:3em">UD Tamil</span>
<span class="widespan">ta</span>
<span class="validationfail">FAIL</span>
<span class="doublewidespan"> <time class="timeago" datetime="2016-12-01T01:39:16Z">2016-12-01T01:39:16 zulu</time></span>
</div>
<div>
<pre>
python /home/ginter/UD_PROJHOOK/tools/validate.py --lang ta /home/ginter/UD_PROJHOOK/UD-dev-branches/UD_Tamil/ta-ud-dev.conllu

[Line                   15]: Unknown attribute-value pair Negative=Pos
[Line                   16]: Unknown attribute-value pair Negative=Pos
[Line                   34]: Unknown attribute-value pair Negative=Pos
[Line                   35]: Unknown attribute-value pair Negative=Pos
[Line                   52]: Unknown attribute-value pair Negative=Pos
[Line                   53]: Unknown attribute-value pair Negative=Pos
[Line                   54]: Unknown attribute-value pair Negative=Pos
[Line                   55]: Unknown attribute-value pair Negative=Pos
[Line                   56]: Unknown attribute-value pair Negative=Pos
[Line                   57]: Unknown attribute-value pair Negative=Pos
[Line                   58]: Unknown attribute-value pair Polite=Pol
[Line                   59]: Unknown attribute-value pair Polite=Pol
[Line                   60]: Unknown attribute-value pair Negative=Pos
[Line                   60]: Unknown attribute-value pair Polite=Pol
[Line                   75]: Unknown attribute-value pair Polite=Pol
[Line                   80]: Unknown attribute-value pair Polite=Pol
[Line                   84]: Unknown attribute-value pair Polite=Pol
[Line                   88]: Unknown attribute-value pair Negative=Pos
[Line                   90]: Unknown attribute-value pair Polite=Pol
...suppressing further errors regarding Morpho
*** FAILED *** with 367 errors
Morpho errors: 367


******************

python /home/ginter/UD_PROJHOOK/tools/validate.py --lang ta /home/ginter/UD_PROJHOOK/UD-dev-branches/UD_Tamil/ta-ud-test.conllu

[Line                   11]: Unknown attribute-value pair Negative=Pos
[Line                   14]: Unknown attribute-value pair Negative=Pos
[Line                   15]: Unknown attribute-value pair Negative=Pos
[Line                   15]: Unknown attribute-value pair Polite=Pol
[Line                   25]: Unknown attribute-value pair Negative=Pos
[Line                   26]: Unknown attribute-value pair Negative=Pos
[Line                   31]: Unknown attribute-value pair Negative=Pos
[Line                   32]: Unknown attribute-value pair Negative=Pos
[Line                   33]: Unknown attribute-value pair Negative=Pos
[Line                   34]: Unknown attribute-value pair Negative=Pos
[Line                   34]: Unknown attribute-value pair Polite=Pol
[Line                   35]: Unknown attribute-value pair Polite=Pol
[Line                   46]: Unknown attribute-value pair Negative=Pos
[Line                   48]: Unknown attribute-value pair Negative=Pos
[Line                   51]: Unknown attribute-value pair Negative=Pos
[Line                   52]: Unknown attribute-value pair Negative=Pos
[Line                   56]: Unknown attribute-value pair Polite=Pol
[Line                   57]: Unknown attribute-value pair Negative=Pos
[Line                   57]: Unknown attribute-value pair Polite=Pol
...suppressing further errors regarding Morpho
*** FAILED *** with 691 errors
Morpho errors: 691


******************

python /home/ginter/UD_PROJHOOK/tools/validate.py --lang ta /home/ginter/UD_PROJHOOK/UD-dev-branches/UD_Tamil/ta-ud-train.conllu

[Line                   23]: Unknown attribute-value pair Negative=Pos
[Line                   24]: Unknown attribute-value pair Negative=Pos
[Line                   25]: Unknown attribute-value pair Negative=Pos
[Line                   26]: Unknown attribute-value pair Polite=Pol
[Line                   27]: Unknown attribute-value pair Polite=Pol
[Line                   29]: Unknown attribute-value pair Negative=Pos
[Line                   30]: Unknown attribute-value pair Negative=Pos
[Line                   30]: Unknown attribute-value pair Polite=Pol
[Line                   40]: Unknown attribute-value pair Polite=Pol
[Line                   42]: Unknown attribute-value pair Negative=Pos
[Line                   55]: Unknown attribute-value pair Negative=Pos
[Line                   56]: Unknown attribute-value pair Negative=Pos
[Line                   59]: Unknown attribute-value pair Negative=Pos
[Line                   67]: Unknown attribute-value pair Negative=Pos
[Line                   75]: Unknown attribute-value pair Negative=Pos
[Line                   80]: Unknown attribute-value pair Negative=Pos
[Line                   96]: Unknown attribute-value pair Negative=Pos
[Line                   99]: Unknown attribute-value pair Negative=Pos
[Line                   102]: Unknown attribute-value pair Negative=Pos
...suppressing further errors regarding Morpho
*** FAILED *** with 2069 errors
Morpho errors: 2069


******************


</pre>
</div>
<div>
<span class="doublewidespan" style="padding-left:3em">UD Turkish</span>
<span class="widespan">tr</span>
<span class="validationfail">FAIL</span>
<span class="doublewidespan"> <time class="timeago" datetime="2016-12-01T01:12:45Z">2016-12-01T01:12:45 zulu</time></span>
</div>
<div>
<pre>
python /home/ginter/UD_PROJHOOK/tools/validate.py --lang tr /home/ginter/UD_PROJHOOK/UD-dev-branches/UD_Turkish/tr-ud-dev.conllu

[Line                   76]: Unknown attribute-value pair Evidentiality=Nfh
[Line                   127]: Unknown attribute-value pair Evidentiality=Nfh
[Line                   190]: Unknown attribute-value pair VerbForm=Trans
[Line                   195]: Unknown attribute-value pair VerbForm=Trans
[Line                   215]: Unknown attribute-value pair VerbForm=Trans
[Line                   283]: Unknown attribute-value pair VerbForm=Trans
[Line                   360]: Unknown attribute-value pair Evidentiality=Nfh
[Line                   371]: Unknown attribute-value pair VerbForm=Trans
[Line                   382]: Unknown attribute-value pair VerbForm=Trans
[Line                   470]: Unknown attribute-value pair Evidentiality=Nfh
[Line                   517]: Unknown attribute-value pair VerbForm=Trans
[Line                   562]: Unknown attribute-value pair VerbForm=Trans
[Line                   599]: Unknown attribute-value pair VerbForm=Trans
[Line                   636]: Unknown attribute-value pair Evidentiality=Nfh
[Line                   717]: Unknown attribute-value pair VerbForm=Trans
[Line                   733]: Unknown attribute-value pair VerbForm=Trans
[Line                   753]: Unknown attribute-value pair Evidentiality=Nfh
[Line                   1046]: Unknown attribute-value pair Evidentiality=Nfh
[Line                   1050]: Unknown attribute-value pair Evidentiality=Nfh
...suppressing further errors regarding Morpho
*** FAILED *** with 232 errors
Morpho errors: 232


******************

python /home/ginter/UD_PROJHOOK/tools/validate.py --lang tr /home/ginter/UD_PROJHOOK/UD-dev-branches/UD_Turkish/tr-ud-test.conllu

[Line                   30]: Unknown attribute-value pair Evidentiality=Nfh
[Line                   38]: Unknown attribute-value pair Evidentiality=Nfh
[Line                   48]: Unknown attribute-value pair Evidentiality=Nfh
[Line                   59]: Unknown attribute-value pair Evidentiality=Nfh
[Line                   100]: Unknown attribute-value pair VerbForm=Trans
[Line                   109]: Unknown attribute-value pair Evidentiality=Nfh
[Line                   144]: Unknown attribute-value pair VerbForm=Trans
[Line                   210]: Unknown attribute-value pair VerbForm=Trans
[Line                   368]: Unknown attribute-value pair Evidentiality=Nfh
[Line                   496]: Unknown attribute-value pair VerbForm=Trans
[Line                   542]: Unknown attribute-value pair Evidentiality=Nfh
[Line                   600]: Unknown attribute-value pair Evidentiality=Nfh
[Line                   604]: Unknown attribute-value pair Evidentiality=Nfh
[Line                   639]: Unknown attribute-value pair VerbForm=Trans
[Line                   705]: Unknown attribute-value pair Evidentiality=Nfh
[Line                   708]: Unknown attribute-value pair Evidentiality=Nfh
[Line                   752]: Unknown attribute-value pair Evidentiality=Nfh
[Line                   767]: Unknown attribute-value pair VerbForm=Trans
[Line                   777]: Unknown attribute-value pair Evidentiality=Nfh
...suppressing further errors regarding Morpho
*** FAILED *** with 198 errors
Morpho errors: 198


******************

python /home/ginter/UD_PROJHOOK/tools/validate.py --lang tr /home/ginter/UD_PROJHOOK/UD-dev-branches/UD_Turkish/tr-ud-train.conllu

[Line                   80]: Unknown attribute-value pair VerbForm=Trans
[Line                   135]: Unknown attribute-value pair VerbForm=Trans
[Line                   172]: Unknown attribute-value pair VerbForm=Trans
[Line                   224]: Unknown attribute-value pair Evidentiality=Nfh
[Line                   362]: Unknown attribute-value pair VerbForm=Trans
[Line                   381]: Unknown attribute-value pair Evidentiality=Nfh
[Line                   385]: Unknown attribute-value pair VerbForm=Trans
[Line                   596]: Unknown attribute-value pair Evidentiality=Nfh
[Line                   695]: Unknown attribute-value pair VerbForm=Trans
[Line                   697]: Unknown attribute-value pair Evidentiality=Nfh
[Line                   721]: Unknown attribute-value pair VerbForm=Trans
[Line                   769]: Unknown attribute-value pair Evidentiality=Nfh
[Line                   784]: Unknown attribute-value pair VerbForm=Trans
[Line                   810]: Unknown attribute-value pair VerbForm=Trans
[Line                   900]: Unknown attribute-value pair VerbForm=Trans
[Line                   985]: Unknown attribute-value pair VerbForm=Trans
[Line                   987]: Unknown attribute-value pair Evidentiality=Nfh
[Line                   1023]: Unknown attribute-value pair VerbForm=Trans
[Line                   1054]: Unknown attribute-value pair VerbForm=Trans
...suppressing further errors regarding Morpho
*** FAILED *** with 1013 errors
Morpho errors: 1013


******************


</pre>
</div>
<div>
<span class="doublewidespan" style="padding-left:3em">UD Ukrainian</span>
<span class="widespan">uk</span>
<span class="validationpass">PASS</span>
<span class="doublewidespan"> <time class="timeago" datetime="2016-11-30T21:49:13Z">2016-11-30T21:49:13 zulu</time></span>
</div>
<div>
<pre>
python /home/ginter/UD_PROJHOOK/tools/validate.py --lang uk /home/ginter/UD_PROJHOOK/UD-dev-branches/UD_Ukrainian/uk-ud-dev.conllu

*** PASSED ***


******************

python /home/ginter/UD_PROJHOOK/tools/validate.py --lang uk /home/ginter/UD_PROJHOOK/UD-dev-branches/UD_Ukrainian/uk-ud-test.conllu

*** PASSED ***


******************

python /home/ginter/UD_PROJHOOK/tools/validate.py --lang uk /home/ginter/UD_PROJHOOK/UD-dev-branches/UD_Ukrainian/uk-ud-train.conllu

*** PASSED ***


******************


</pre>
</div>
<div>
<span class="doublewidespan" style="padding-left:3em">UD Urdu</span>
<span class="widespan">ur</span>
<span class="validationfail">EMPTY</span>
<span class="doublewidespan"> <time class="timeago" datetime="2016-11-14T22:12:56Z">2016-11-14T22:12:56 zulu</time></span>
</div>
<div>
<pre>
No data
</pre>
</div>
<div>
<span class="doublewidespan" style="padding-left:3em">UD Uyghur</span>
<span class="widespan">ug</span>
<span class="validationfail">FAIL</span>
<span class="doublewidespan"> <time class="timeago" datetime="2016-12-01T01:12:49Z">2016-12-01T01:12:49 zulu</time></span>
</div>
<div>
<pre>
python /home/ginter/UD_PROJHOOK/tools/validate.py --lang ug /home/ginter/UD_PROJHOOK/UD-dev-branches/UD_Uyghur/ug-ud-dev.conllu

[Line                   779]: Unknown UD DEPREL: nmod:cmp
[Line                   1330]: Unknown UD DEPREL: nmod:cmp
*** FAILED *** with 2 errors
Syntax errors: 2


******************

python /home/ginter/UD_PROJHOOK/tools/validate.py --lang ug /home/ginter/UD_PROJHOOK/UD-dev-branches/UD_Uyghur/ug-ud-test.conllu

[Line                   42]: Unknown UD DEPREL: nmod:cmp
*** FAILED *** with 1 errors
Syntax errors: 1


******************

python /home/ginter/UD_PROJHOOK/tools/validate.py --lang ug /home/ginter/UD_PROJHOOK/UD-dev-branches/UD_Uyghur/ug-ud-train.conllu

[Line                   1446]: Unknown UD DEPREL: nmod:cmp
[Line                   1626]: Unknown UD DEPREL: nmod:cmp
*** FAILED *** with 2 errors
Syntax errors: 2


******************


</pre>
</div>
<div>
<span class="doublewidespan" style="padding-left:3em">UD Vietnamese</span>
<span class="widespan">vi</span>
<span class="validationpass">PASS</span>
<span class="doublewidespan"> <time class="timeago" datetime="2016-11-14T22:13:19Z">2016-11-14T22:13:19 zulu</time></span>
</div>
<div>
<pre>
python tools/validate.py --lang vi UD-dev-branches/UD_Vietnamese/vi-ud-dev.conllu

*** PASSED ***


******************

python tools/validate.py --lang vi UD-dev-branches/UD_Vietnamese/vi-ud-test.conllu

*** PASSED ***


******************

python tools/validate.py --lang vi UD-dev-branches/UD_Vietnamese/vi-ud-train.conllu

*** PASSED ***


******************


</pre>
</div>

</div>



      </div>

<!-- support for embedded visualizations -->
<script type="text/javascript">
    var root = ''; // filled in by jekyll
    head.js(
        // External libraries
        root + 'lib/ext/jquery.min.js',
        root + 'lib/ext/jquery.svg.min.js',
        root + 'lib/ext/jquery.svgdom.min.js',
        root + 'lib/ext/jquery.timeago.js',
        root + 'lib/ext/jquery-ui.min.js',
        root + 'lib/ext/waypoints.min.js',
        root + 'lib/ext/jquery.address.min.js',

        // brat helper modules
        root + 'lib/brat/configuration.js',
        root + 'lib/brat/util.js',
        root + 'lib/brat/annotation_log.js',
        root + 'lib/ext/webfont.js',
        // brat modules
        root + 'lib/brat/dispatcher.js',
        root + 'lib/brat/url_monitor.js',
        root + 'lib/brat/visualizer.js',

        // embedding configuration
        root + 'lib/local/config.js',
        // project-specific collection data
        root + 'lib/local/collections.js',

        // NOTE: non-local libraries
        'https://spyysalo.github.io/annodoc/lib/local/annodoc.js',
        'https://spyysalo.github.io/conllu.js/conllu.js'
    );

    var webFontURLs = [
//        root + 'static/fonts/Astloch-Bold.ttf',
        root + 'static/fonts/PT_Sans-Caption-Web-Regular.ttf',
        root + 'static/fonts/Liberation_Sans-Regular.ttf'
    ];

    var setupAccordions = function() {
	// preserve state in URL hash, following in part
	// http://www.boduch.ca/2011/05/remembering-jquery-ui-accordion.html
	var accordionChange = function(event, ui) {
	    var context = ui.newHeader ? ui.newHeader.context : null;
	    if (context) {
		var languageCode = context.getAttribute('data-lc');
		if (languageCode !== null) {
		    window.location.hash = languageCode;
		}
	    }
	}
        // jQuery UI "accordion" element initialization
	$(".jquery-ui-accordion").accordion({
	    collapsible: true,
	    active: false,
	    change: accordionChange
	});
	if ($(".jquery-ui-accordion").length) {
	    var matches = window.location.hash.match(/^\#(.*)$/);
	    console.log(matches);
	    if (matches !== null) {
		var languageCode = matches[1];
		var tab = $('[data-lc="'+languageCode+'"]');
		// the following will only work after accordion is initialized
		var index = $('.jquery-ui-accordion div.ui-accordion-header').index(tab);
		if (index !== -1) {
		    $(".jquery-ui-accordion").accordion({ active: index });
		}
	    }
	}
    };

    var setupTimeago = function() {
        jQuery("time.timeago").timeago();
    };

    var setupTabs = function() {
        // standard jQuery UI "tabs" element initialization
        $(".jquery-ui-tabs").tabs({ heightStyle: "auto" });

        // use jQuery address to preserve tab state
        // (see https://github.com/UniversalDependencies/docs/issues/65,
        // http://stackoverflow.com/a/3330919)
        if ($(".jquery-ui-tabs").length > 0) {
            $.address.change(function(event){
	        $(".jquery-ui-tabs").tabs("select", window.location.hash)
	    });
	    $(".jquery-ui-tabs").bind("tabsselect", function(event, ui) { 
	        window.location.hash = ui.tab.hash;
	    });
        }
    };

    head.ready(function() {
        // set up UI tabs on page
        setupTabs();
        setupAccordions();
        setupTimeago();

        // mark current collection (filled in by Jekyll)
        Collections.listing['_current'] = '';

	// perform all embedding and support functions
	Annodoc.activate(Config.bratCollData, Collections.listing);
    });
</script>


<!-- google analytics -->
<script>
  (function(i,s,o,g,r,a,m){i['GoogleAnalyticsObject']=r;i[r]=i[r]||function(){
  (i[r].q=i[r].q||[]).push(arguments)},i[r].l=1*new Date();a=s.createElement(o),
  m=s.getElementsByTagName(o)[0];a.async=1;a.src=g;m.parentNode.insertBefore(a,m)
  })(window,document,'script','//www.google-analytics.com/analytics.js','ga');

  ga('create', 'UA-55233688-1', 'auto');
  ga('send', 'pageview');

</script>


      <div id="footer">
	  <p class="footer-text">&copy; 2014 
	    <a href="http://universaldependencies.org/introduction.html#contributors" style="color:gray">Universal Dependencies contributors</a>. 
	    Site powered by <a href="http://spyysalo.github.io/annodoc" style="color:gray">Annodoc</a> and <a href="http://brat.nlplab.org/" style="color:gray">brat</a></p>.
      </div>
    </div>
  </body>
</html>
